#
# There is insufficient memory for the Java Runtime Environment to continue.
# Native memory allocation (malloc) failed to allocate 318336 bytes. Error detail: Chunk::new
# Possible reasons:
#   The system is out of physical RAM or swap space
#   This process is running with CompressedOops enabled, and the Java Heap may be blocking the growth of the native heap
# Possible solutions:
#   Reduce memory load on the system
#   Increase physical memory or swap space
#   Check if swap backing store is full
#   Decrease Java heap size (-Xmx/-Xms)
#   Decrease number of Java threads
#   Decrease Java thread stack sizes (-Xss)
#   Set larger code cache with -XX:ReservedCodeCacheSize=
#   JVM is running with Zero Based Compressed Oops mode in which the Java heap is
#     placed in the first 32GB address space. The Java Heap base address is the
#     maximum limit for the native heap growth. Please use -XX:HeapBaseMinAddress
#     to set the Java Heap base and to place the Java Heap above 32GB virtual address.
# This output file may be truncated or incomplete.
#
#  Out of Memory Error (arena.cpp:168), pid=18004, tid=18236
#
# JRE version: OpenJDK Runtime Environment Temurin-21.0.9+10 (21.0.9+10) (build 21.0.9+10-LTS)
# Java VM: OpenJDK 64-Bit Server VM Temurin-21.0.9+10 (21.0.9+10-LTS, mixed mode, sharing, tiered, compressed oops, compressed class ptrs, g1 gc, windows-amd64)
# No core dump will be written. Minidumps are not enabled by default on client versions of Windows
#

---------------  S U M M A R Y ------------

Command Line: -Dfile.encoding=UTF-8 -Dstdout.encoding=UTF-8 -Dstderr.encoding=UTF-8 -XX:+ShowCodeDetailsInExceptionMessages gui.MainWindow

Host: 12th Gen Intel(R) Core(TM) i5-12450H, 12 cores, 15G,  Windows 11 , 64 bit Build 22621 (10.0.22621.5415)
Time: Wed Nov 26 23:47:13 2025 W. Europe Standard Time elapsed time: 0.398955 seconds (0d 0h 0m 0s)

---------------  T H R E A D  ---------------

Current thread (0x0000027044601730):  JavaThread "C2 CompilerThread0" daemon [_thread_in_native, id=18236, stack(0x000000c836000000,0x000000c836100000) (1024K)]


Current CompileTask:
C2:398  801 %     4       sun.java2d.marlin.MarlinTileGenerator::getAlphaRLE @ 947 (1749 bytes)

Stack: [0x000000c836000000,0x000000c836100000]
Native frames: (J=compiled Java code, j=interpreted, Vv=VM code, C=native code)
V  [jvm.dll+0x6d6e29]
V  [jvm.dll+0x8b4b76]
V  [jvm.dll+0x8b712e]
V  [jvm.dll+0x8b7813]
V  [jvm.dll+0x283d86]
V  [jvm.dll+0xc66ed]
V  [jvm.dll+0xc6c31]
V  [jvm.dll+0x2facee]
V  [jvm.dll+0x5fde44]
V  [jvm.dll+0x255557]
V  [jvm.dll+0x25591d]
V  [jvm.dll+0x24df40]
V  [jvm.dll+0x24b482]
V  [jvm.dll+0x1cb13e]
V  [jvm.dll+0x25b29d]
V  [jvm.dll+0x25982a]
V  [jvm.dll+0x3f7ea6]
V  [jvm.dll+0x85e9ad]
V  [jvm.dll+0x6d565d]
C  [ucrtbase.dll+0x29333]
C  [KERNEL32.DLL+0x1259d]
C  [ntdll.dll+0x5af78]


---------------  P R O C E S S  ---------------

Threads class SMR info:
_java_thread_list=0x0000027044e935d0, length=17, elements={
0x00000270445efa20, 0x00000270445f0fd0, 0x00000270445f62d0, 0x00000270445f6d20,
0x00000270445f9330, 0x00000270445fa650, 0x0000027044601730, 0x00000270445ff870,
0x0000027044ccc740, 0x0000027044cd31d0, 0x0000027044e8f820, 0x0000027044e926b0,
0x0000027044e983f0, 0x0000027044eaaa10, 0x0000027027ebd440, 0x0000027044eee4d0,
0x000002708b5eb970
}

Java Threads: ( => current thread )
  0x00000270445efa20 JavaThread "Reference Handler"          daemon [_thread_blocked, id=15604, stack(0x000000c835a00000,0x000000c835b00000) (1024K)]
  0x00000270445f0fd0 JavaThread "Finalizer"                  daemon [_thread_blocked, id=19336, stack(0x000000c835b00000,0x000000c835c00000) (1024K)]
  0x00000270445f62d0 JavaThread "Signal Dispatcher"          daemon [_thread_blocked, id=17420, stack(0x000000c835c00000,0x000000c835d00000) (1024K)]
  0x00000270445f6d20 JavaThread "Attach Listener"            daemon [_thread_blocked, id=5280, stack(0x000000c835d00000,0x000000c835e00000) (1024K)]
  0x00000270445f9330 JavaThread "Service Thread"             daemon [_thread_blocked, id=3844, stack(0x000000c835e00000,0x000000c835f00000) (1024K)]
  0x00000270445fa650 JavaThread "Monitor Deflation Thread"   daemon [_thread_blocked, id=28896, stack(0x000000c835f00000,0x000000c836000000) (1024K)]
=>0x0000027044601730 JavaThread "C2 CompilerThread0"         daemon [_thread_in_native, id=18236, stack(0x000000c836000000,0x000000c836100000) (1024K)]
  0x00000270445ff870 JavaThread "C1 CompilerThread0"         daemon [_thread_blocked, id=20252, stack(0x000000c836100000,0x000000c836200000) (1024K)]
  0x0000027044ccc740 JavaThread "Notification Thread"        daemon [_thread_blocked, id=11352, stack(0x000000c836200000,0x000000c836300000) (1024K)]
  0x0000027044cd31d0 JavaThread "Common-Cleaner"             daemon [_thread_blocked, id=28384, stack(0x000000c836300000,0x000000c836400000) (1024K)]
  0x0000027044e8f820 JavaThread "Java2D Disposer"            daemon [_thread_blocked, id=9960, stack(0x000000c836400000,0x000000c836500000) (1024K)]
  0x0000027044e926b0 JavaThread "AWT-Shutdown"                      [_thread_blocked, id=29236, stack(0x000000c836500000,0x000000c836600000) (1024K)]
  0x0000027044e983f0 JavaThread "AWT-Windows"                daemon [_thread_in_native, id=14296, stack(0x000000c836600000,0x000000c836700000) (1024K)]
  0x0000027044eaaa10 JavaThread "AWT-EventQueue-0"                  [_thread_blocked, id=31376, stack(0x000000c836700000,0x000000c836800000) (1024K)]
  0x0000027027ebd440 JavaThread "DestroyJavaVM"                     [_thread_blocked, id=20192, stack(0x000000c835200000,0x000000c835300000) (1024K)]
  0x0000027044eee4d0 JavaThread "TimerQueue"                 daemon [_thread_blocked, id=30804, stack(0x000000c836800000,0x000000c836900000) (1024K)]
  0x000002708b5eb970 JavaThread "C2 CompilerThread1"         daemon [_thread_in_native, id=30592, stack(0x000000c836d00000,0x000000c836e00000) (1024K)]
Total: 17

Other Threads:
  0x00000270445d3ef0 VMThread "VM Thread"                           [id=11948, stack(0x000000c835900000,0x000000c835a00000) (1024K)]
  0x00000270445c0c30 WatcherThread "VM Periodic Task Thread"        [id=24924, stack(0x000000c835800000,0x000000c835900000) (1024K)]
  0x000002702a1e1bd0 WorkerThread "GC Thread#0"                     [id=29656, stack(0x000000c835300000,0x000000c835400000) (1024K)]
  0x000002702a1f3120 ConcurrentGCThread "G1 Main Marker"            [id=6292, stack(0x000000c835400000,0x000000c835500000) (1024K)]
  0x000002702a1f3c20 WorkerThread "G1 Conc#0"                       [id=17424, stack(0x000000c835500000,0x000000c835600000) (1024K)]
  0x000002702a23e9f0 ConcurrentGCThread "G1 Refine#0"               [id=31576, stack(0x000000c835600000,0x000000c835700000) (1024K)]
  0x00000270444956c0 ConcurrentGCThread "G1 Service"                [id=28232, stack(0x000000c835700000,0x000000c835800000) (1024K)]
Total: 7

Threads with active compile tasks:
C2 CompilerThread0  410  801 %     4       sun.java2d.marlin.MarlinTileGenerator::getAlphaRLE @ 947 (1749 bytes)
C2 CompilerThread1  410  753 %     4       sun.java2d.marlin.Renderer::_endRendering @ 2093 (2646 bytes)
Total: 2

VM state: not at safepoint (normal execution)

VM Mutex/Monitor currently owned by a thread: None

Heap address: 0x0000000705e00000, size: 4002 MB, Compressed Oops mode: Zero based, Oop shift amount: 3

CDS archive(s) mapped at: [0x0000027045000000-0x0000027045c80000-0x0000027045c80000), size 13107200, SharedBaseAddress: 0x0000027045000000, ArchiveRelocationMode: 1.
Compressed class space mapped at: 0x0000027046000000-0x0000027086000000, reserved size: 1073741824
Narrow klass base: 0x0000027045000000, Narrow klass shift: 0, Narrow klass range: 0x100000000

GC Precious Log:
 CardTable entry size: 512
 Card Set container configuration: InlinePtr #cards 4 size 8 Array Of Cards #cards 16 size 48 Howl #buckets 8 coarsen threshold 3686 Howl Bitmap #cards 512 size 80 coarsen threshold 460 Card regions per heap region 1 cards per card region 4096
 CPUs: 12 total, 12 available
 Memory: 16005M
 Large Page Support: Disabled
 NUMA Support: Disabled
 Compressed Oops: Enabled (Zero based)
 Heap Region Size: 2M
 Heap Min Capacity: 8M
 Heap Initial Capacity: 252M
 Heap Max Capacity: 4002M
 Pre-touch: Disabled
 Parallel Workers: 10
 Concurrent Workers: 3
 Concurrent Refinement Workers: 10
 Periodic GC: Disabled

Heap:
 garbage-first heap   total 258048K, used 16384K [0x0000000705e00000, 0x0000000800000000)
  region size 2048K, 5 young (10240K), 0 survivors (0K)
 Metaspace       used 7383K, committed 7680K, reserved 1114112K
  class space    used 819K, committed 960K, reserved 1048576K

Heap Regions: E=young(eden), S=young(survivor), O=old, HS=humongous(starts), HC=humongous(continues), CS=collection set, F=free, TAMS=top-at-mark-start, PB=parsable bottom
|   0|0x0000000705e00000, 0x0000000706000000, 0x0000000706000000|100%|HS|  |TAMS 0x0000000705e00000| PB 0x0000000705e00000| Complete 
|   1|0x0000000706000000, 0x0000000706200000, 0x0000000706200000|100%|HC|  |TAMS 0x0000000706000000| PB 0x0000000706000000| Complete 
|   2|0x0000000706200000, 0x0000000706400000, 0x0000000706400000|100%|HC|  |TAMS 0x0000000706200000| PB 0x0000000706200000| Complete 
|   3|0x0000000706400000, 0x0000000706600000, 0x0000000706600000|100%|HC|  |TAMS 0x0000000706400000| PB 0x0000000706400000| Complete 
|   4|0x0000000706600000, 0x0000000706600000, 0x0000000706800000|  0%| F|  |TAMS 0x0000000706600000| PB 0x0000000706600000| Untracked 
|   5|0x0000000706800000, 0x0000000706800000, 0x0000000706a00000|  0%| F|  |TAMS 0x0000000706800000| PB 0x0000000706800000| Untracked 
|   6|0x0000000706a00000, 0x0000000706a00000, 0x0000000706c00000|  0%| F|  |TAMS 0x0000000706a00000| PB 0x0000000706a00000| Untracked 
|   7|0x0000000706c00000, 0x0000000706c00000, 0x0000000706e00000|  0%| F|  |TAMS 0x0000000706c00000| PB 0x0000000706c00000| Untracked 
|   8|0x0000000706e00000, 0x0000000706e00000, 0x0000000707000000|  0%| F|  |TAMS 0x0000000706e00000| PB 0x0000000706e00000| Untracked 
|   9|0x0000000707000000, 0x0000000707000000, 0x0000000707200000|  0%| F|  |TAMS 0x0000000707000000| PB 0x0000000707000000| Untracked 
|  10|0x0000000707200000, 0x0000000707200000, 0x0000000707400000|  0%| F|  |TAMS 0x0000000707200000| PB 0x0000000707200000| Untracked 
|  11|0x0000000707400000, 0x0000000707400000, 0x0000000707600000|  0%| F|  |TAMS 0x0000000707400000| PB 0x0000000707400000| Untracked 
|  12|0x0000000707600000, 0x0000000707600000, 0x0000000707800000|  0%| F|  |TAMS 0x0000000707600000| PB 0x0000000707600000| Untracked 
|  13|0x0000000707800000, 0x0000000707800000, 0x0000000707a00000|  0%| F|  |TAMS 0x0000000707800000| PB 0x0000000707800000| Untracked 
|  14|0x0000000707a00000, 0x0000000707a00000, 0x0000000707c00000|  0%| F|  |TAMS 0x0000000707a00000| PB 0x0000000707a00000| Untracked 
|  15|0x0000000707c00000, 0x0000000707c00000, 0x0000000707e00000|  0%| F|  |TAMS 0x0000000707c00000| PB 0x0000000707c00000| Untracked 
|  16|0x0000000707e00000, 0x0000000707e00000, 0x0000000708000000|  0%| F|  |TAMS 0x0000000707e00000| PB 0x0000000707e00000| Untracked 
|  17|0x0000000708000000, 0x0000000708000000, 0x0000000708200000|  0%| F|  |TAMS 0x0000000708000000| PB 0x0000000708000000| Untracked 
|  18|0x0000000708200000, 0x0000000708200000, 0x0000000708400000|  0%| F|  |TAMS 0x0000000708200000| PB 0x0000000708200000| Untracked 
|  19|0x0000000708400000, 0x0000000708400000, 0x0000000708600000|  0%| F|  |TAMS 0x0000000708400000| PB 0x0000000708400000| Untracked 
|  20|0x0000000708600000, 0x0000000708600000, 0x0000000708800000|  0%| F|  |TAMS 0x0000000708600000| PB 0x0000000708600000| Untracked 
|  21|0x0000000708800000, 0x0000000708800000, 0x0000000708a00000|  0%| F|  |TAMS 0x0000000708800000| PB 0x0000000708800000| Untracked 
|  22|0x0000000708a00000, 0x0000000708a00000, 0x0000000708c00000|  0%| F|  |TAMS 0x0000000708a00000| PB 0x0000000708a00000| Untracked 
|  23|0x0000000708c00000, 0x0000000708c00000, 0x0000000708e00000|  0%| F|  |TAMS 0x0000000708c00000| PB 0x0000000708c00000| Untracked 
|  24|0x0000000708e00000, 0x0000000708e00000, 0x0000000709000000|  0%| F|  |TAMS 0x0000000708e00000| PB 0x0000000708e00000| Untracked 
|  25|0x0000000709000000, 0x0000000709000000, 0x0000000709200000|  0%| F|  |TAMS 0x0000000709000000| PB 0x0000000709000000| Untracked 
|  26|0x0000000709200000, 0x0000000709200000, 0x0000000709400000|  0%| F|  |TAMS 0x0000000709200000| PB 0x0000000709200000| Untracked 
|  27|0x0000000709400000, 0x0000000709400000, 0x0000000709600000|  0%| F|  |TAMS 0x0000000709400000| PB 0x0000000709400000| Untracked 
|  28|0x0000000709600000, 0x0000000709600000, 0x0000000709800000|  0%| F|  |TAMS 0x0000000709600000| PB 0x0000000709600000| Untracked 
|  29|0x0000000709800000, 0x0000000709800000, 0x0000000709a00000|  0%| F|  |TAMS 0x0000000709800000| PB 0x0000000709800000| Untracked 
|  30|0x0000000709a00000, 0x0000000709a00000, 0x0000000709c00000|  0%| F|  |TAMS 0x0000000709a00000| PB 0x0000000709a00000| Untracked 
|  31|0x0000000709c00000, 0x0000000709c00000, 0x0000000709e00000|  0%| F|  |TAMS 0x0000000709c00000| PB 0x0000000709c00000| Untracked 
|  32|0x0000000709e00000, 0x0000000709e00000, 0x000000070a000000|  0%| F|  |TAMS 0x0000000709e00000| PB 0x0000000709e00000| Untracked 
|  33|0x000000070a000000, 0x000000070a000000, 0x000000070a200000|  0%| F|  |TAMS 0x000000070a000000| PB 0x000000070a000000| Untracked 
|  34|0x000000070a200000, 0x000000070a200000, 0x000000070a400000|  0%| F|  |TAMS 0x000000070a200000| PB 0x000000070a200000| Untracked 
|  35|0x000000070a400000, 0x000000070a400000, 0x000000070a600000|  0%| F|  |TAMS 0x000000070a400000| PB 0x000000070a400000| Untracked 
|  36|0x000000070a600000, 0x000000070a600000, 0x000000070a800000|  0%| F|  |TAMS 0x000000070a600000| PB 0x000000070a600000| Untracked 
|  37|0x000000070a800000, 0x000000070a800000, 0x000000070aa00000|  0%| F|  |TAMS 0x000000070a800000| PB 0x000000070a800000| Untracked 
|  38|0x000000070aa00000, 0x000000070aa00000, 0x000000070ac00000|  0%| F|  |TAMS 0x000000070aa00000| PB 0x000000070aa00000| Untracked 
|  39|0x000000070ac00000, 0x000000070ac00000, 0x000000070ae00000|  0%| F|  |TAMS 0x000000070ac00000| PB 0x000000070ac00000| Untracked 
|  40|0x000000070ae00000, 0x000000070ae00000, 0x000000070b000000|  0%| F|  |TAMS 0x000000070ae00000| PB 0x000000070ae00000| Untracked 
|  41|0x000000070b000000, 0x000000070b000000, 0x000000070b200000|  0%| F|  |TAMS 0x000000070b000000| PB 0x000000070b000000| Untracked 
|  42|0x000000070b200000, 0x000000070b200000, 0x000000070b400000|  0%| F|  |TAMS 0x000000070b200000| PB 0x000000070b200000| Untracked 
|  43|0x000000070b400000, 0x000000070b400000, 0x000000070b600000|  0%| F|  |TAMS 0x000000070b400000| PB 0x000000070b400000| Untracked 
|  44|0x000000070b600000, 0x000000070b600000, 0x000000070b800000|  0%| F|  |TAMS 0x000000070b600000| PB 0x000000070b600000| Untracked 
|  45|0x000000070b800000, 0x000000070b800000, 0x000000070ba00000|  0%| F|  |TAMS 0x000000070b800000| PB 0x000000070b800000| Untracked 
|  46|0x000000070ba00000, 0x000000070ba00000, 0x000000070bc00000|  0%| F|  |TAMS 0x000000070ba00000| PB 0x000000070ba00000| Untracked 
|  47|0x000000070bc00000, 0x000000070bc00000, 0x000000070be00000|  0%| F|  |TAMS 0x000000070bc00000| PB 0x000000070bc00000| Untracked 
|  48|0x000000070be00000, 0x000000070be00000, 0x000000070c000000|  0%| F|  |TAMS 0x000000070be00000| PB 0x000000070be00000| Untracked 
|  49|0x000000070c000000, 0x000000070c000000, 0x000000070c200000|  0%| F|  |TAMS 0x000000070c000000| PB 0x000000070c000000| Untracked 
|  50|0x000000070c200000, 0x000000070c200000, 0x000000070c400000|  0%| F|  |TAMS 0x000000070c200000| PB 0x000000070c200000| Untracked 
|  51|0x000000070c400000, 0x000000070c400000, 0x000000070c600000|  0%| F|  |TAMS 0x000000070c400000| PB 0x000000070c400000| Untracked 
|  52|0x000000070c600000, 0x000000070c600000, 0x000000070c800000|  0%| F|  |TAMS 0x000000070c600000| PB 0x000000070c600000| Untracked 
|  53|0x000000070c800000, 0x000000070c800000, 0x000000070ca00000|  0%| F|  |TAMS 0x000000070c800000| PB 0x000000070c800000| Untracked 
|  54|0x000000070ca00000, 0x000000070ca00000, 0x000000070cc00000|  0%| F|  |TAMS 0x000000070ca00000| PB 0x000000070ca00000| Untracked 
|  55|0x000000070cc00000, 0x000000070cc00000, 0x000000070ce00000|  0%| F|  |TAMS 0x000000070cc00000| PB 0x000000070cc00000| Untracked 
|  56|0x000000070ce00000, 0x000000070ce00000, 0x000000070d000000|  0%| F|  |TAMS 0x000000070ce00000| PB 0x000000070ce00000| Untracked 
|  57|0x000000070d000000, 0x000000070d000000, 0x000000070d200000|  0%| F|  |TAMS 0x000000070d000000| PB 0x000000070d000000| Untracked 
|  58|0x000000070d200000, 0x000000070d200000, 0x000000070d400000|  0%| F|  |TAMS 0x000000070d200000| PB 0x000000070d200000| Untracked 
|  59|0x000000070d400000, 0x000000070d400000, 0x000000070d600000|  0%| F|  |TAMS 0x000000070d400000| PB 0x000000070d400000| Untracked 
|  60|0x000000070d600000, 0x000000070d600000, 0x000000070d800000|  0%| F|  |TAMS 0x000000070d600000| PB 0x000000070d600000| Untracked 
|  61|0x000000070d800000, 0x000000070d800000, 0x000000070da00000|  0%| F|  |TAMS 0x000000070d800000| PB 0x000000070d800000| Untracked 
|  62|0x000000070da00000, 0x000000070da00000, 0x000000070dc00000|  0%| F|  |TAMS 0x000000070da00000| PB 0x000000070da00000| Untracked 
|  63|0x000000070dc00000, 0x000000070dc00000, 0x000000070de00000|  0%| F|  |TAMS 0x000000070dc00000| PB 0x000000070dc00000| Untracked 
|  64|0x000000070de00000, 0x000000070de00000, 0x000000070e000000|  0%| F|  |TAMS 0x000000070de00000| PB 0x000000070de00000| Untracked 
|  65|0x000000070e000000, 0x000000070e000000, 0x000000070e200000|  0%| F|  |TAMS 0x000000070e000000| PB 0x000000070e000000| Untracked 
|  66|0x000000070e200000, 0x000000070e200000, 0x000000070e400000|  0%| F|  |TAMS 0x000000070e200000| PB 0x000000070e200000| Untracked 
|  67|0x000000070e400000, 0x000000070e400000, 0x000000070e600000|  0%| F|  |TAMS 0x000000070e400000| PB 0x000000070e400000| Untracked 
|  68|0x000000070e600000, 0x000000070e600000, 0x000000070e800000|  0%| F|  |TAMS 0x000000070e600000| PB 0x000000070e600000| Untracked 
|  69|0x000000070e800000, 0x000000070e800000, 0x000000070ea00000|  0%| F|  |TAMS 0x000000070e800000| PB 0x000000070e800000| Untracked 
|  70|0x000000070ea00000, 0x000000070ea00000, 0x000000070ec00000|  0%| F|  |TAMS 0x000000070ea00000| PB 0x000000070ea00000| Untracked 
|  71|0x000000070ec00000, 0x000000070ec00000, 0x000000070ee00000|  0%| F|  |TAMS 0x000000070ec00000| PB 0x000000070ec00000| Untracked 
|  72|0x000000070ee00000, 0x000000070ee00000, 0x000000070f000000|  0%| F|  |TAMS 0x000000070ee00000| PB 0x000000070ee00000| Untracked 
|  73|0x000000070f000000, 0x000000070f000000, 0x000000070f200000|  0%| F|  |TAMS 0x000000070f000000| PB 0x000000070f000000| Untracked 
|  74|0x000000070f200000, 0x000000070f200000, 0x000000070f400000|  0%| F|  |TAMS 0x000000070f200000| PB 0x000000070f200000| Untracked 
|  75|0x000000070f400000, 0x000000070f400000, 0x000000070f600000|  0%| F|  |TAMS 0x000000070f400000| PB 0x000000070f400000| Untracked 
|  76|0x000000070f600000, 0x000000070f600000, 0x000000070f800000|  0%| F|  |TAMS 0x000000070f600000| PB 0x000000070f600000| Untracked 
|  77|0x000000070f800000, 0x000000070f800000, 0x000000070fa00000|  0%| F|  |TAMS 0x000000070f800000| PB 0x000000070f800000| Untracked 
|  78|0x000000070fa00000, 0x000000070fa00000, 0x000000070fc00000|  0%| F|  |TAMS 0x000000070fa00000| PB 0x000000070fa00000| Untracked 
|  79|0x000000070fc00000, 0x000000070fc00000, 0x000000070fe00000|  0%| F|  |TAMS 0x000000070fc00000| PB 0x000000070fc00000| Untracked 
|  80|0x000000070fe00000, 0x000000070fe00000, 0x0000000710000000|  0%| F|  |TAMS 0x000000070fe00000| PB 0x000000070fe00000| Untracked 
|  81|0x0000000710000000, 0x0000000710000000, 0x0000000710200000|  0%| F|  |TAMS 0x0000000710000000| PB 0x0000000710000000| Untracked 
|  82|0x0000000710200000, 0x0000000710200000, 0x0000000710400000|  0%| F|  |TAMS 0x0000000710200000| PB 0x0000000710200000| Untracked 
|  83|0x0000000710400000, 0x0000000710400000, 0x0000000710600000|  0%| F|  |TAMS 0x0000000710400000| PB 0x0000000710400000| Untracked 
|  84|0x0000000710600000, 0x0000000710600000, 0x0000000710800000|  0%| F|  |TAMS 0x0000000710600000| PB 0x0000000710600000| Untracked 
|  85|0x0000000710800000, 0x0000000710800000, 0x0000000710a00000|  0%| F|  |TAMS 0x0000000710800000| PB 0x0000000710800000| Untracked 
|  86|0x0000000710a00000, 0x0000000710a00000, 0x0000000710c00000|  0%| F|  |TAMS 0x0000000710a00000| PB 0x0000000710a00000| Untracked 
|  87|0x0000000710c00000, 0x0000000710c00000, 0x0000000710e00000|  0%| F|  |TAMS 0x0000000710c00000| PB 0x0000000710c00000| Untracked 
|  88|0x0000000710e00000, 0x0000000710e00000, 0x0000000711000000|  0%| F|  |TAMS 0x0000000710e00000| PB 0x0000000710e00000| Untracked 
|  89|0x0000000711000000, 0x0000000711000000, 0x0000000711200000|  0%| F|  |TAMS 0x0000000711000000| PB 0x0000000711000000| Untracked 
|  90|0x0000000711200000, 0x0000000711200000, 0x0000000711400000|  0%| F|  |TAMS 0x0000000711200000| PB 0x0000000711200000| Untracked 
|  91|0x0000000711400000, 0x0000000711400000, 0x0000000711600000|  0%| F|  |TAMS 0x0000000711400000| PB 0x0000000711400000| Untracked 
|  92|0x0000000711600000, 0x0000000711600000, 0x0000000711800000|  0%| F|  |TAMS 0x0000000711600000| PB 0x0000000711600000| Untracked 
|  93|0x0000000711800000, 0x0000000711800000, 0x0000000711a00000|  0%| F|  |TAMS 0x0000000711800000| PB 0x0000000711800000| Untracked 
|  94|0x0000000711a00000, 0x0000000711a00000, 0x0000000711c00000|  0%| F|  |TAMS 0x0000000711a00000| PB 0x0000000711a00000| Untracked 
|  95|0x0000000711c00000, 0x0000000711c00000, 0x0000000711e00000|  0%| F|  |TAMS 0x0000000711c00000| PB 0x0000000711c00000| Untracked 
|  96|0x0000000711e00000, 0x0000000711e00000, 0x0000000712000000|  0%| F|  |TAMS 0x0000000711e00000| PB 0x0000000711e00000| Untracked 
|  97|0x0000000712000000, 0x0000000712000000, 0x0000000712200000|  0%| F|  |TAMS 0x0000000712000000| PB 0x0000000712000000| Untracked 
|  98|0x0000000712200000, 0x0000000712200000, 0x0000000712400000|  0%| F|  |TAMS 0x0000000712200000| PB 0x0000000712200000| Untracked 
|  99|0x0000000712400000, 0x0000000712400000, 0x0000000712600000|  0%| F|  |TAMS 0x0000000712400000| PB 0x0000000712400000| Untracked 
| 100|0x0000000712600000, 0x0000000712600000, 0x0000000712800000|  0%| F|  |TAMS 0x0000000712600000| PB 0x0000000712600000| Untracked 
| 101|0x0000000712800000, 0x0000000712800000, 0x0000000712a00000|  0%| F|  |TAMS 0x0000000712800000| PB 0x0000000712800000| Untracked 
| 102|0x0000000712a00000, 0x0000000712a00000, 0x0000000712c00000|  0%| F|  |TAMS 0x0000000712a00000| PB 0x0000000712a00000| Untracked 
| 103|0x0000000712c00000, 0x0000000712c00000, 0x0000000712e00000|  0%| F|  |TAMS 0x0000000712c00000| PB 0x0000000712c00000| Untracked 
| 104|0x0000000712e00000, 0x0000000712e00000, 0x0000000713000000|  0%| F|  |TAMS 0x0000000712e00000| PB 0x0000000712e00000| Untracked 
| 105|0x0000000713000000, 0x0000000713000000, 0x0000000713200000|  0%| F|  |TAMS 0x0000000713000000| PB 0x0000000713000000| Untracked 
| 106|0x0000000713200000, 0x0000000713200000, 0x0000000713400000|  0%| F|  |TAMS 0x0000000713200000| PB 0x0000000713200000| Untracked 
| 107|0x0000000713400000, 0x0000000713400000, 0x0000000713600000|  0%| F|  |TAMS 0x0000000713400000| PB 0x0000000713400000| Untracked 
| 108|0x0000000713600000, 0x0000000713600000, 0x0000000713800000|  0%| F|  |TAMS 0x0000000713600000| PB 0x0000000713600000| Untracked 
| 109|0x0000000713800000, 0x0000000713800000, 0x0000000713a00000|  0%| F|  |TAMS 0x0000000713800000| PB 0x0000000713800000| Untracked 
| 110|0x0000000713a00000, 0x0000000713a00000, 0x0000000713c00000|  0%| F|  |TAMS 0x0000000713a00000| PB 0x0000000713a00000| Untracked 
| 111|0x0000000713c00000, 0x0000000713c00000, 0x0000000713e00000|  0%| F|  |TAMS 0x0000000713c00000| PB 0x0000000713c00000| Untracked 
| 112|0x0000000713e00000, 0x0000000713e00000, 0x0000000714000000|  0%| F|  |TAMS 0x0000000713e00000| PB 0x0000000713e00000| Untracked 
| 113|0x0000000714000000, 0x0000000714000000, 0x0000000714200000|  0%| F|  |TAMS 0x0000000714000000| PB 0x0000000714000000| Untracked 
| 114|0x0000000714200000, 0x0000000714200000, 0x0000000714400000|  0%| F|  |TAMS 0x0000000714200000| PB 0x0000000714200000| Untracked 
| 115|0x0000000714400000, 0x0000000714400000, 0x0000000714600000|  0%| F|  |TAMS 0x0000000714400000| PB 0x0000000714400000| Untracked 
| 116|0x0000000714600000, 0x0000000714600000, 0x0000000714800000|  0%| F|  |TAMS 0x0000000714600000| PB 0x0000000714600000| Untracked 
| 117|0x0000000714800000, 0x0000000714800000, 0x0000000714a00000|  0%| F|  |TAMS 0x0000000714800000| PB 0x0000000714800000| Untracked 
| 118|0x0000000714a00000, 0x0000000714a00000, 0x0000000714c00000|  0%| F|  |TAMS 0x0000000714a00000| PB 0x0000000714a00000| Untracked 
| 119|0x0000000714c00000, 0x0000000714c00000, 0x0000000714e00000|  0%| F|  |TAMS 0x0000000714c00000| PB 0x0000000714c00000| Untracked 
| 120|0x0000000714e00000, 0x0000000714e00000, 0x0000000715000000|  0%| F|  |TAMS 0x0000000714e00000| PB 0x0000000714e00000| Untracked 
| 121|0x0000000715000000, 0x00000007150e4c30, 0x0000000715200000| 44%| E|  |TAMS 0x0000000715000000| PB 0x0000000715000000| Complete 
| 122|0x0000000715200000, 0x0000000715400000, 0x0000000715400000|100%| E|CS|TAMS 0x0000000715200000| PB 0x0000000715200000| Complete 
| 123|0x0000000715400000, 0x0000000715600000, 0x0000000715600000|100%| E|CS|TAMS 0x0000000715400000| PB 0x0000000715400000| Complete 
| 124|0x0000000715600000, 0x0000000715800000, 0x0000000715800000|100%| E|CS|TAMS 0x0000000715600000| PB 0x0000000715600000| Complete 
| 125|0x0000000715800000, 0x0000000715a00000, 0x0000000715a00000|100%| E|CS|TAMS 0x0000000715800000| PB 0x0000000715800000| Complete 

Card table byte_map: [0x000002703d850000,0x000002703e030000] _byte_map_base: 0x000002703a021000

Marking Bits: (CMBitMap*) 0x000002702a1e22d0
 Bits: [0x000002703e030000, 0x0000027041eb8000)

Polling page: 0x0000027028000000

Metaspace:

Usage:
  Non-class:      6.41 MB used.
      Class:    819.91 KB used.
       Both:      7.21 MB used.

Virtual space:
  Non-class space:       64.00 MB reserved,       6.56 MB ( 10%) committed,  1 nodes.
      Class space:        1.00 GB reserved,     960.00 KB ( <1%) committed,  1 nodes.
             Both:        1.06 GB reserved,       7.50 MB ( <1%) committed. 

Chunk freelists:
   Non-Class:  8.99 MB
       Class:  15.11 MB
        Both:  24.10 MB

MaxMetaspaceSize: unlimited
CompressedClassSpaceSize: 1.00 GB
Initial GC threshold: 21.00 MB
Current GC threshold: 21.00 MB
CDS: on
 - commit_granule_bytes: 65536.
 - commit_granule_words: 8192.
 - virtual_space_node_default_size: 8388608.
 - enlarge_chunks_in_place: 1.
 - use_allocation_guard: 0.


Internal statistics:

num_allocs_failed_limit: 0.
num_arena_births: 148.
num_arena_deaths: 0.
num_vsnodes_births: 2.
num_vsnodes_deaths: 0.
num_space_committed: 120.
num_space_uncommitted: 0.
num_chunks_returned_to_freelist: 0.
num_chunks_taken_from_freelist: 186.
num_chunk_merges: 0.
num_chunk_splits: 115.
num_chunks_enlarged: 51.
num_inconsistent_stats: 0.

CodeHeap 'non-profiled nmethods': size=120000Kb used=252Kb max_used=252Kb free=119747Kb
 bounds [0x00000270355f0000, 0x0000027035860000, 0x000002703cb20000]
CodeHeap 'profiled nmethods': size=120000Kb used=1140Kb max_used=1140Kb free=118859Kb
 bounds [0x000002702db20000, 0x000002702dd90000, 0x0000027035050000]
CodeHeap 'non-nmethods': size=5760Kb used=1466Kb max_used=1482Kb free=4293Kb
 bounds [0x0000027035050000, 0x00000270352c0000, 0x00000270355f0000]
CodeCache: size=245760Kb, used=2858Kb, max_used=2874Kb, free=242899Kb
 total_blobs=1426, nmethods=799, adapters=532, full_count=0
Compilation: enabled, stopped_count=0, restarted_count=0

Compilation events (20 events):
Event: 0.384 Thread 0x00000270445ff870  795       3       java.awt.geom.Rectangle2D::<init> (5 bytes)
Event: 0.384 Thread 0x00000270445ff870 nmethod 795 0x000002702dc3a590 code [0x000002702dc3a740, 0x000002702dc3a908]
Event: 0.384 Thread 0x00000270445ff870  796       3       java.awt.geom.AffineTransform::getType (17 bytes)
Event: 0.384 Thread 0x00000270445ff870 nmethod 796 0x000002702dc3aa10 code [0x000002702dc3abc0, 0x000002702dc3ad40]
Event: 0.384 Thread 0x00000270445ff870  798       3       java.awt.geom.RectIterator::isDone (14 bytes)
Event: 0.384 Thread 0x00000270445ff870 nmethod 798 0x000002702dc3ae10 code [0x000002702dc3afa0, 0x000002702dc3b100]
Event: 0.384 Thread 0x00000270445ff870  797       1       java.awt.RenderingHints$Key::intKey (5 bytes)
Event: 0.384 Thread 0x00000270445ff870 nmethod 797 0x000002703562dd10 code [0x000002703562dea0, 0x000002703562df68]
Event: 0.385 Thread 0x00000270445ff870  799       3       java.lang.Math::floor (5 bytes)
Event: 0.385 Thread 0x00000270445ff870 nmethod 799 0x000002702dc3b190 code [0x000002702dc3b340, 0x000002702dc3b458]
Event: 0.385 Thread 0x00000270445ff870  800       3       java.lang.StrictMath::floor (12 bytes)
Event: 0.385 Thread 0x00000270445ff870 nmethod 800 0x000002702dc3b510 code [0x000002702dc3b6e0, 0x000002702dc3b810]
Event: 0.386 Thread 0x00000270445ff870  802       3       sun.java2d.marlin.Renderer::curveBreakIntoLinesAndAdd (500 bytes)
Event: 0.387 Thread 0x00000270445ff870 nmethod 802 0x000002702dc3b890 code [0x000002702dc3bc20, 0x000002702dc3c380]
Event: 0.387 Thread 0x00000270445ff870  803       3       sun.java2d.marlin.Helpers::outcode (70 bytes)
Event: 0.387 Thread 0x00000270445ff870 nmethod 803 0x000002702dc3c790 code [0x000002702dc3c940, 0x000002702dc3cc78]
Event: 0.387 Thread 0x00000270445ff870  804       3       java.awt.geom.EllipseIterator::isDone (14 bytes)
Event: 0.387 Thread 0x00000270445ff870 nmethod 804 0x000002702dc3cd90 code [0x000002702dc3cf20, 0x000002702dc3d080]
Event: 0.388 Thread 0x0000027044601730 nmethod 792 0x000002703562e010 code [0x000002703562e240, 0x000002703562ebc0]
Event: 0.388 Thread 0x0000027044601730  801 %     4       sun.java2d.marlin.MarlinTileGenerator::getAlphaRLE @ 947 (1749 bytes)

GC Heap History (0 events):
No events

Dll operation events (9 events):
Event: 0.004 Loaded shared library C:\Users\ASUS\.p2\pool\plugins\org.eclipse.justj.openjdk.hotspot.jre.full.win32.x86_64_21.0.9.v20251105-0741\jre\bin\java.dll
Event: 0.022 Loaded shared library C:\Users\ASUS\.p2\pool\plugins\org.eclipse.justj.openjdk.hotspot.jre.full.win32.x86_64_21.0.9.v20251105-0741\jre\bin\zip.dll
Event: 0.046 Loaded shared library C:\Users\ASUS\.p2\pool\plugins\org.eclipse.justj.openjdk.hotspot.jre.full.win32.x86_64_21.0.9.v20251105-0741\jre\bin\jimage.dll
Event: 0.049 Loaded shared library C:\Users\ASUS\.p2\pool\plugins\org.eclipse.justj.openjdk.hotspot.jre.full.win32.x86_64_21.0.9.v20251105-0741\jre\bin\net.dll
Event: 0.050 Loaded shared library C:\Users\ASUS\.p2\pool\plugins\org.eclipse.justj.openjdk.hotspot.jre.full.win32.x86_64_21.0.9.v20251105-0741\jre\bin\nio.dll
Event: 0.052 Loaded shared library C:\Users\ASUS\.p2\pool\plugins\org.eclipse.justj.openjdk.hotspot.jre.full.win32.x86_64_21.0.9.v20251105-0741\jre\bin\zip.dll
Event: 0.067 Loaded shared library C:\Users\ASUS\.p2\pool\plugins\org.eclipse.justj.openjdk.hotspot.jre.full.win32.x86_64_21.0.9.v20251105-0741\jre\bin\awt.dll
Event: 0.240 Loaded shared library C:\Users\ASUS\.p2\pool\plugins\org.eclipse.justj.openjdk.hotspot.jre.full.win32.x86_64_21.0.9.v20251105-0741\jre\bin\freetype.dll
Event: 0.241 Loaded shared library C:\Users\ASUS\.p2\pool\plugins\org.eclipse.justj.openjdk.hotspot.jre.full.win32.x86_64_21.0.9.v20251105-0741\jre\bin\fontmanager.dll

Deoptimization events (4 events):
Event: 0.249 Thread 0x0000027044eaaa10 DEOPT PACKING pc=0x000002702db3664c sp=0x000000c8367fd400
Event: 0.249 Thread 0x0000027044eaaa10 DEOPT UNPACKING pc=0x00000270350a4bc2 sp=0x000000c8367fc820 mode 0
Event: 0.360 Thread 0x0000027044eaaa10 DEOPT PACKING pc=0x000002702dc0cd38 sp=0x000000c8367fdb40
Event: 0.360 Thread 0x0000027044eaaa10 DEOPT UNPACKING pc=0x00000270350a4bc2 sp=0x000000c8367fced0 mode 0

Classes loaded (20 events):
Event: 0.378 Loading class jdk/internal/jimage/decompressor/CompressedResourceHeader
Event: 0.378 Loading class jdk/internal/jimage/decompressor/CompressedResourceHeader done
Event: 0.378 Loading class jdk/internal/jimage/decompressor/ResourceDecompressorRepository
Event: 0.378 Loading class jdk/internal/jimage/decompressor/ResourceDecompressorRepository done
Event: 0.378 Loading class jdk/internal/jimage/decompressor/ZipDecompressorFactory
Event: 0.378 Loading class jdk/internal/jimage/decompressor/ResourceDecompressorFactory
Event: 0.378 Loading class jdk/internal/jimage/decompressor/ResourceDecompressorFactory done
Event: 0.378 Loading class jdk/internal/jimage/decompressor/ZipDecompressorFactory done
Event: 0.378 Loading class jdk/internal/jimage/decompressor/StringSharingDecompressorFactory
Event: 0.378 Loading class jdk/internal/jimage/decompressor/StringSharingDecompressorFactory done
Event: 0.378 Loading class jdk/internal/jimage/decompressor/ZipDecompressor
Event: 0.378 Loading class jdk/internal/jimage/decompressor/ResourceDecompressor
Event: 0.378 Loading class jdk/internal/jimage/decompressor/ResourceDecompressor done
Event: 0.378 Loading class jdk/internal/jimage/decompressor/ZipDecompressor done
Event: 0.378 Loading class sun/net/www/protocol/jrt/Handler
Event: 0.378 Loading class sun/net/www/protocol/jrt/Handler done
Event: 0.382 Loading class sun/text/resources/cldr/FormatData_en
Event: 0.382 Loading class sun/text/resources/cldr/FormatData_en done
Event: 0.382 Loading class sun/text/resources/cldr/FormatData_en_US
Event: 0.382 Loading class sun/text/resources/cldr/FormatData_en_US done

Classes unloaded (0 events):
No events

Classes redefined (0 events):
No events

Internal exceptions (12 events):
Event: 0.055 Thread 0x0000027027ebd440 Exception <a 'java/lang/ClassNotFoundException'{0x0000000715695540}: sun/awt/resources/spi/awtProvider> (0x0000000715695540) 
thrown [s\src\hotspot\share\classfile\systemDictionary.cpp, line 312]
Event: 0.080 Thread 0x0000027027ebd440 Exception <a 'java/io/FileNotFoundException'{0x00000007156f16d8}> (0x00000007156f16d8) 
thrown [s\src\hotspot\share\prims\jni.cpp, line 520]
Event: 0.086 Thread 0x0000027027ebd440 Exception <a 'java/io/FileNotFoundException'{0x000000071571c0b0}> (0x000000071571c0b0) 
thrown [s\src\hotspot\share\prims\jni.cpp, line 520]
Event: 0.158 Thread 0x0000027044eaaa10 Exception <a 'java/lang/NoSuchMethodError'{0x00000007154a74a0}: 'void java.lang.invoke.DirectMethodHandle$Holder.invokeSpecial(java.lang.Object, java.lang.Object, java.lang.Object)'> (0x00000007154a74a0) 
thrown [s\src\hotspot\share\interpreter\linkResolver.cpp, line 773]
Event: 0.165 Thread 0x0000027044eaaa10 Exception <a 'java/lang/NoSuchMethodError'{0x00000007154cd7b0}: 'java.lang.Object java.lang.invoke.DirectMethodHandle$Holder.newInvokeSpecial(java.lang.Object, java.lang.Object, java.lang.Object, java.lang.Object, java.lang.Object)'> (0x00000007154cd7b0) 
thrown [s\src\hotspot\share\interpreter\linkResolver.cpp, line 773]
Event: 0.171 Thread 0x0000027044eaaa10 Exception <a 'java/lang/NoSuchMethodError'{0x000000071556ac10}: 'java.lang.Object java.lang.invoke.DirectMethodHandle$Holder.invokeStatic(java.lang.Object, int, java.lang.Object)'> (0x000000071556ac10) 
thrown [s\src\hotspot\share\interpreter\linkResolver.cpp, line 773]
Event: 0.187 Thread 0x0000027044eaaa10 Exception <a 'java/lang/ClassNotFoundException'{0x000000071520c2e0}: com/sun/swing/internal/plaf/metal/resources/spi/metalProvider> (0x000000071520c2e0) 
thrown [s\src\hotspot\share\classfile\systemDictionary.cpp, line 312]
Event: 0.188 Thread 0x0000027044eaaa10 Exception <a 'java/lang/ClassNotFoundException'{0x00000007152102e0}: com/sun/swing/internal/plaf/basic/resources/spi/basicProvider> (0x00000007152102e0) 
thrown [s\src\hotspot\share\classfile\systemDictionary.cpp, line 312]
Event: 0.196 Thread 0x0000027044eaaa10 Exception <a 'java/lang/NoSuchMethodError'{0x0000000715230200}: 'int java.lang.invoke.Invokers$Holder.invokeExact_MT(java.lang.Object, java.lang.Object)'> (0x0000000715230200) 
thrown [s\src\hotspot\share\interpreter\linkResolver.cpp, line 773]
Event: 0.206 Thread 0x0000027044eaaa10 Exception <a 'java/lang/NoSuchMethodError'{0x0000000715247f00}: 'void java.lang.invoke.DirectMethodHandle$Holder.invokeStatic(java.lang.Object, java.lang.Object, java.lang.Object)'> (0x0000000715247f00) 
thrown [s\src\hotspot\share\interpreter\linkResolver.cpp, line 773]
Event: 0.223 Thread 0x0000027044e983f0 Exception <a 'java/lang/NoSuchMethodError'{0x000000071540e7a0}: 'void java.lang.invoke.DirectMethodHandle$Holder.invokeVirtual(java.lang.Object, java.lang.Object)'> (0x000000071540e7a0) 
thrown [s\src\hotspot\share\interpreter\linkResolver.cpp, line 773]
Event: 0.236 Thread 0x0000027044eaaa10 Exception <a 'java/lang/NoSuchMethodError'{0x0000000715303278}: 'void java.lang.invoke.DirectMethodHandle$Holder.invokeStaticInit(java.lang.Object)'> (0x0000000715303278) 
thrown [s\src\hotspot\share\interpreter\linkResolver.cpp, line 773]

ZGC Phase Switch (0 events):
No events

VM Operations (6 events):
Event: 0.187 Executing VM operation: HandshakeAllThreads (Deoptimize)
Event: 0.187 Executing VM operation: HandshakeAllThreads (Deoptimize) done
Event: 0.198 Executing VM operation: HandshakeAllThreads (Deoptimize)
Event: 0.198 Executing VM operation: HandshakeAllThreads (Deoptimize) done
Event: 0.353 Executing VM operation: HandshakeAllThreads (Deoptimize)
Event: 0.353 Executing VM operation: HandshakeAllThreads (Deoptimize) done

Memory protections (0 events):
No events

Nmethod flushes (0 events):
No events

Events (19 events):
Event: 0.015 Thread 0x0000027027ebd440 Thread added: 0x0000027027ebd440
Event: 0.023 Thread 0x0000027027ebd440 Thread added: 0x00000270445efa20
Event: 0.023 Thread 0x0000027027ebd440 Thread added: 0x00000270445f0fd0
Event: 0.023 Thread 0x0000027027ebd440 Thread added: 0x00000270445f62d0
Event: 0.023 Thread 0x0000027027ebd440 Thread added: 0x00000270445f6d20
Event: 0.023 Thread 0x0000027027ebd440 Thread added: 0x00000270445f9330
Event: 0.023 Thread 0x0000027027ebd440 Thread added: 0x00000270445fa650
Event: 0.023 Thread 0x0000027027ebd440 Thread added: 0x0000027044601730
Event: 0.023 Thread 0x0000027027ebd440 Thread added: 0x00000270445ff870
Event: 0.033 Thread 0x0000027027ebd440 Thread added: 0x0000027044ccc740
Event: 0.034 Thread 0x0000027027ebd440 Thread added: 0x0000027044cd31d0
Event: 0.118 Thread 0x0000027027ebd440 Thread added: 0x0000027044e8f820
Event: 0.119 Thread 0x0000027027ebd440 Thread added: 0x0000027044e926b0
Event: 0.120 Thread 0x0000027027ebd440 Thread added: 0x0000027044e983f0
Event: 0.132 Thread 0x0000027027ebd440 Thread added: 0x0000027044eaaa10
Event: 0.132 Thread 0x0000027027ebd440 Thread exited: 0x0000027027ebd440
Event: 0.132 Thread 0x0000027027ebd440 Thread added: 0x0000027027ebd440
Event: 0.202 Thread 0x0000027044eaaa10 Thread added: 0x0000027044eee4d0
Event: 0.375 Thread 0x00000270445ff870 Thread added: 0x000002708b5eb970


Dynamic libraries:
0x00007ff71ee70000 - 0x00007ff71ee7e000 	C:\Users\ASUS\.p2\pool\plugins\org.eclipse.justj.openjdk.hotspot.jre.full.win32.x86_64_21.0.9.v20251105-0741\jre\bin\javaw.exe
0x00007ffa90d30000 - 0x00007ffa90f47000 	C:\WINDOWS\SYSTEM32\ntdll.dll
0x00007ffa8f7a0000 - 0x00007ffa8f864000 	C:\WINDOWS\System32\KERNEL32.DLL
0x00007ffa8e450000 - 0x00007ffa8e822000 	C:\WINDOWS\System32\KERNELBASE.dll
0x00007ffa8dee0000 - 0x00007ffa8dff1000 	C:\WINDOWS\System32\ucrtbase.dll
0x00007ffa64830000 - 0x00007ffa6484e000 	C:\Users\ASUS\.p2\pool\plugins\org.eclipse.justj.openjdk.hotspot.jre.full.win32.x86_64_21.0.9.v20251105-0741\jre\bin\VCRUNTIME140.dll
0x00007ffa80ab0000 - 0x00007ffa80ac8000 	C:\Users\ASUS\.p2\pool\plugins\org.eclipse.justj.openjdk.hotspot.jre.full.win32.x86_64_21.0.9.v20251105-0741\jre\bin\jli.dll
0x00007ffa90200000 - 0x00007ffa903b1000 	C:\WINDOWS\System32\USER32.dll
0x00007ffa8e830000 - 0x00007ffa8e856000 	C:\WINDOWS\System32\win32u.dll
0x00007ffa78a90000 - 0x00007ffa78d2b000 	C:\WINDOWS\WinSxS\amd64_microsoft.windows.common-controls_6595b64144ccf1df_6.0.22621.5547_none_27104afb73855772\COMCTL32.dll
0x00007ffa90500000 - 0x00007ffa905a7000 	C:\WINDOWS\System32\msvcrt.dll
0x00007ffa907f0000 - 0x00007ffa90819000 	C:\WINDOWS\System32\GDI32.dll
0x00007ffa8e860000 - 0x00007ffa8e983000 	C:\WINDOWS\System32\gdi32full.dll
0x00007ffa8e080000 - 0x00007ffa8e11a000 	C:\WINDOWS\System32\msvcp_win.dll
0x00007ffa901c0000 - 0x00007ffa901f1000 	C:\WINDOWS\System32\IMM32.DLL
0x00007ffa80aa0000 - 0x00007ffa80aac000 	C:\Users\ASUS\.p2\pool\plugins\org.eclipse.justj.openjdk.hotspot.jre.full.win32.x86_64_21.0.9.v20251105-0741\jre\bin\vcruntime140_1.dll
0x00007ffa59820000 - 0x00007ffa598ad000 	C:\Users\ASUS\.p2\pool\plugins\org.eclipse.justj.openjdk.hotspot.jre.full.win32.x86_64_21.0.9.v20251105-0741\jre\bin\msvcp140.dll
0x00007ffa02b00000 - 0x00007ffa038a0000 	C:\Users\ASUS\.p2\pool\plugins\org.eclipse.justj.openjdk.hotspot.jre.full.win32.x86_64_21.0.9.v20251105-0741\jre\bin\server\jvm.dll
0x00007ffa8f1d0000 - 0x00007ffa8f281000 	C:\WINDOWS\System32\ADVAPI32.dll
0x00007ffa8f120000 - 0x00007ffa8f1c8000 	C:\WINDOWS\System32\sechost.dll
0x00007ffa8e990000 - 0x00007ffa8e9b8000 	C:\WINDOWS\System32\bcrypt.dll
0x00007ffa903c0000 - 0x00007ffa904d4000 	C:\WINDOWS\System32\RPCRT4.dll
0x00007ffa90c60000 - 0x00007ffa90cd1000 	C:\WINDOWS\System32\WS2_32.dll
0x00007ffa8cca0000 - 0x00007ffa8cced000 	C:\WINDOWS\SYSTEM32\POWRPROF.dll
0x00007ffa89450000 - 0x00007ffa89484000 	C:\WINDOWS\SYSTEM32\WINMM.dll
0x00007ffa86e10000 - 0x00007ffa86e1a000 	C:\WINDOWS\SYSTEM32\VERSION.dll
0x00007ffa8cc80000 - 0x00007ffa8cc93000 	C:\WINDOWS\SYSTEM32\UMPDC.dll
0x00007ffa8cea0000 - 0x00007ffa8ceb8000 	C:\WINDOWS\SYSTEM32\kernel.appcore.dll
0x00007ffa796c0000 - 0x00007ffa796ca000 	C:\Users\ASUS\.p2\pool\plugins\org.eclipse.justj.openjdk.hotspot.jre.full.win32.x86_64_21.0.9.v20251105-0741\jre\bin\jimage.dll
0x00007ffa8b4b0000 - 0x00007ffa8b6e3000 	C:\WINDOWS\SYSTEM32\DBGHELP.DLL
0x00007ffa8f3a0000 - 0x00007ffa8f733000 	C:\WINDOWS\System32\combase.dll
0x00007ffa90930000 - 0x00007ffa90a07000 	C:\WINDOWS\System32\OLEAUT32.dll
0x00007ffa7b0f0000 - 0x00007ffa7b122000 	C:\WINDOWS\SYSTEM32\dbgcore.DLL
0x00007ffa8e000000 - 0x00007ffa8e07b000 	C:\WINDOWS\System32\bcryptPrimitives.dll
0x00007ffa779c0000 - 0x00007ffa779e0000 	C:\Users\ASUS\.p2\pool\plugins\org.eclipse.justj.openjdk.hotspot.jre.full.win32.x86_64_21.0.9.v20251105-0741\jre\bin\java.dll
0x00007ffa8f910000 - 0x00007ffa901b2000 	C:\WINDOWS\System32\SHELL32.dll
0x00007ffa8e120000 - 0x00007ffa8e25f000 	C:\WINDOWS\System32\wintypes.dll
0x00007ffa8bd20000 - 0x00007ffa8c63d000 	C:\WINDOWS\SYSTEM32\windows.storage.dll
0x00007ffa90820000 - 0x00007ffa9092c000 	C:\WINDOWS\System32\SHCORE.dll
0x00007ffa90780000 - 0x00007ffa907e9000 	C:\WINDOWS\System32\shlwapi.dll
0x00007ffa8dd50000 - 0x00007ffa8dd7b000 	C:\WINDOWS\SYSTEM32\profapi.dll
0x00007ffa6e100000 - 0x00007ffa6e118000 	C:\Users\ASUS\.p2\pool\plugins\org.eclipse.justj.openjdk.hotspot.jre.full.win32.x86_64_21.0.9.v20251105-0741\jre\bin\zip.dll
0x00007ffa796b0000 - 0x00007ffa796c0000 	C:\Users\ASUS\.p2\pool\plugins\org.eclipse.justj.openjdk.hotspot.jre.full.win32.x86_64_21.0.9.v20251105-0741\jre\bin\net.dll
0x00007ffa8a6a0000 - 0x00007ffa8a7cc000 	C:\WINDOWS\SYSTEM32\WINHTTP.dll
0x00007ffa8d3c0000 - 0x00007ffa8d429000 	C:\WINDOWS\system32\mswsock.dll
0x00007ffa66060000 - 0x00007ffa66076000 	C:\Users\ASUS\.p2\pool\plugins\org.eclipse.justj.openjdk.hotspot.jre.full.win32.x86_64_21.0.9.v20251105-0741\jre\bin\nio.dll
0x00007ffa462c0000 - 0x00007ffa4644f000 	C:\Users\ASUS\.p2\pool\plugins\org.eclipse.justj.openjdk.hotspot.jre.full.win32.x86_64_21.0.9.v20251105-0741\jre\bin\awt.dll
0x00007ffa88d90000 - 0x00007ffa88e27000 	C:\WINDOWS\SYSTEM32\apphelp.dll
0x00007ffa8abc0000 - 0x00007ffa8ac74000 	C:\WINDOWS\system32\uxtheme.dll
0x00007ffa8eee0000 - 0x00007ffa8f040000 	C:\WINDOWS\System32\MSCTF.dll
0x00007ffa90a10000 - 0x00007ffa90bb0000 	C:\WINDOWS\System32\ole32.dll
0x00007ffa8ae10000 - 0x00007ffa8ae3e000 	C:\WINDOWS\system32\DWMAPI.DLL
0x00007ffa515c0000 - 0x00007ffa516c0000 	C:\WINDOWS\system32\opengl32.dll
0x00007ffa756a0000 - 0x00007ffa756cd000 	C:\WINDOWS\SYSTEM32\GLU32.dll
0x00007ffa8b190000 - 0x00007ffa8b1c7000 	C:\WINDOWS\SYSTEM32\dxcore.dll
0x00007ffa5d0d0000 - 0x00007ffa5d157000 	C:\Users\ASUS\.p2\pool\plugins\org.eclipse.justj.openjdk.hotspot.jre.full.win32.x86_64_21.0.9.v20251105-0741\jre\bin\freetype.dll
0x00007ffa5cc40000 - 0x00007ffa5cd32000 	C:\Users\ASUS\.p2\pool\plugins\org.eclipse.justj.openjdk.hotspot.jre.full.win32.x86_64_21.0.9.v20251105-0741\jre\bin\fontmanager.dll
0x00007ffa697f0000 - 0x00007ffa69936000 	C:\WINDOWS\SYSTEM32\textinputframework.dll
0x00007ffa4d0c0000 - 0x00007ffa4d50c000 	C:\Windows\System32\uiautomationcore.dll
0x00007ffa78960000 - 0x00007ffa789da000 	C:\Windows\System32\OLEACC.dll
0x00007ffa90bb0000 - 0x00007ffa90c60000 	C:\WINDOWS\System32\clbcatq.dll
0x00007ffa88910000 - 0x00007ffa88a43000 	C:\WINDOWS\SYSTEM32\CoreMessaging.dll
0x00007ffa856e0000 - 0x00007ffa85a4c000 	C:\WINDOWS\SYSTEM32\CoreUIComponents.dll
0x00007ffa8d630000 - 0x00007ffa8d63c000 	C:\WINDOWS\SYSTEM32\CRYPTBASE.DLL

JVMTI agents: none

dbghelp: loaded successfully - version: 4.0.5 - missing functions: none
symbol engine: initialized successfully - sym options: 0x614 - pdb path: .;C:\Users\ASUS\.p2\pool\plugins\org.eclipse.justj.openjdk.hotspot.jre.full.win32.x86_64_21.0.9.v20251105-0741\jre\bin;C:\WINDOWS\SYSTEM32;C:\WINDOWS\WinSxS\amd64_microsoft.windows.common-controls_6595b64144ccf1df_6.0.22621.5547_none_27104afb73855772;C:\Users\ASUS\.p2\pool\plugins\org.eclipse.justj.openjdk.hotspot.jre.full.win32.x86_64_21.0.9.v20251105-0741\jre\bin\server

VM Arguments:
jvm_args: -Dfile.encoding=UTF-8 -Dstdout.encoding=UTF-8 -Dstderr.encoding=UTF-8 -XX:+ShowCodeDetailsInExceptionMessages 
java_command: gui.MainWindow
java_class_path (initial): C:\Users\ASUS\git\Real-Time-Traffic-Simulation-with-Java-WiSe-25-26\SumoTrafficSim\bin;C:\Users\ASUS\git\Real-Time-Traffic-Simulation-with-Java-WiSe-25-26\SumoTrafficSim\lib\TraaS.jar
Launcher Type: SUN_STANDARD

[Global flags]
     intx CICompilerCount                          = 4                                         {product} {ergonomic}
     uint ConcGCThreads                            = 3                                         {product} {ergonomic}
     uint G1ConcRefinementThreads                  = 10                                        {product} {ergonomic}
   size_t G1HeapRegionSize                         = 2097152                                   {product} {ergonomic}
    uintx GCDrainStackTargetSize                   = 64                                        {product} {ergonomic}
   size_t InitialHeapSize                          = 264241152                                 {product} {ergonomic}
   size_t MarkStackSize                            = 4194304                                   {product} {ergonomic}
   size_t MaxHeapSize                              = 4196401152                                {product} {ergonomic}
   size_t MaxNewSize                               = 2516582400                                {product} {ergonomic}
   size_t MinHeapDeltaBytes                        = 2097152                                   {product} {ergonomic}
   size_t MinHeapSize                              = 8388608                                   {product} {ergonomic}
    uintx NonNMethodCodeHeapSize                   = 5839372                                {pd product} {ergonomic}
    uintx NonProfiledCodeHeapSize                  = 122909434                              {pd product} {ergonomic}
    uintx ProfiledCodeHeapSize                     = 122909434                              {pd product} {ergonomic}
    uintx ReservedCodeCacheSize                    = 251658240                              {pd product} {ergonomic}
     bool SegmentedCodeCache                       = true                                      {product} {ergonomic}
     bool ShowCodeDetailsInExceptionMessages       = true                                   {manageable} {command line}
   size_t SoftMaxHeapSize                          = 4196401152                             {manageable} {ergonomic}
     bool UseCompressedOops                        = true                           {product lp64_product} {ergonomic}
     bool UseG1GC                                  = true                                      {product} {ergonomic}
     bool UseLargePagesIndividualAllocation        = false                                  {pd product} {ergonomic}

Logging:
Log output configuration:
 #0: stdout all=warning uptime,level,tags foldmultilines=false
 #1: stderr all=off uptime,level,tags foldmultilines=false

Release file:
JAVA_VERSION="21.0.9" 
MODULES="java.base java.compiler java.datatransfer java.xml java.prefs java.desktop java.instrument java.logging java.management java.security.sasl java.naming java.rmi java.management.rmi java.net.http java.scripting java.security.jgss java.transaction.xa java.sql java.sql.rowset java.xml.crypto java.se java.smartcardio jdk.accessibility jdk.internal.jvmstat jdk.attach jdk.charsets jdk.internal.opt jdk.zipfs jdk.compiler jdk.crypto.ec jdk.crypto.cryptoki jdk.crypto.mscapi jdk.dynalink jdk.internal.ed jdk.editpad jdk.hotspot.agent jdk.httpserver jdk.internal.le jdk.internal.vm.ci jdk.internal.vm.compiler jdk.internal.vm.compiler.management jdk.jartool jdk.javadoc jdk.jcmd jdk.management jdk.management.agent jdk.jconsole jdk.jdeps jdk.jdwp.agent jdk.jdi jdk.jfr jdk.jshell jdk.jsobject jdk.jstatd jdk.localedata jdk.management.jfr jdk.naming.dns jdk.naming.rmi jdk.net jdk.nio.mapmode jdk.random jdk.sctp jdk.security.auth jdk.security.jgss jdk.unsupported jdk.unsupported.desktop jdk.xml.dom" 

Environment Variables:
PATH=C:/Users/ASUS/.p2/pool/plugins/org.eclipse.justj.openjdk.hotspot.jre.full.win32.x86_64_21.0.9.v20251105-0741/jre/bin/server;C:/Users/ASUS/.p2/pool/plugins/org.eclipse.justj.openjdk.hotspot.jre.full.win32.x86_64_21.0.9.v20251105-0741/jre/bin;C:\Program Files\Eclipse Adoptium\jdk-25.0.0.36-hotspot\bin;C:\Windows\system32;C:\Windows;C:\Windows\System32\Wbem;C:\Windows\System32\WindowsPowerShell\v1.0\;C:\Windows\System32\OpenSSH\;C:\Program Files (x86)\NVIDIA Corporation\PhysX\Common;C:\Program Files\NVIDIA Corporation\NVIDIA NvDLISR;C:\WINDOWS\system32;C:\WINDOWS;C:\WINDOWS\System32\Wbem;C:\WINDOWS\System32\WindowsPowerShell\v1.0\;C:\WINDOWS\System32\OpenSSH\;C:\Program Files\Common Files\Autodesk Shared\;C:\Program Files\Microsoft SQL Server\120\Tools\Binn\;C:\Program Files\dotnet\;C:\Program Files\Cloudflare\Cloudflare WARP\;C:\Program Files (x86)\Eclipse\Sumo\bin\;C:\Program Files (x86)\Eclipse\Sumo\tools\;C:\Users\ASUS\Documents\Maven\apache-maven-3.9.11\bin;C:\Users\ASUS\AppData\Local\Microsoft\WindowsApps;C:\Users\ASUS\AppData\Local\Programs\Microsoft VS Code\bin;C:\Program Files\Git\bin;C:\msys64\ucrt64\bin;;C:\WINDOWS\System32;
USERNAME=ASUS
OS=Windows_NT
PROCESSOR_IDENTIFIER=Intel64 Family 6 Model 154 Stepping 3, GenuineIntel
TMP=C:\Users\ASUS\AppData\Local\Temp
TEMP=C:\Users\ASUS\AppData\Local\Temp




Periodic native trim disabled

---------------  S Y S T E M  ---------------

OS:
 Windows 11 , 64 bit Build 22621 (10.0.22621.5415)
OS uptime: 19 days 11:19 hours
Hyper-V role detected

CPU: total 12 (initial active 12) (6 cores per cpu, 2 threads per core) family 6 model 154 stepping 3 microcode 0x41c, cx8, cmov, fxsr, ht, mmx, 3dnowpref, sse, sse2, sse3, ssse3, sse4.1, sse4.2, popcnt, lzcnt, tsc, tscinvbit, avx, avx2, aes, erms, clmul, bmi1, bmi2, adx, sha, fma, vzeroupper, clflush, clflushopt, clwb, hv, serialize, rdtscp, rdpid, fsrm, f16c, cet_ibt, cet_ss
Processor Information for processor 0
  Max Mhz: 2000, Current Mhz: 2000, Mhz Limit: 2000
Processor Information for processor 1
  Max Mhz: 2000, Current Mhz: 2000, Mhz Limit: 2000
Processor Information for processor 2
  Max Mhz: 2000, Current Mhz: 2000, Mhz Limit: 2000
Processor Information for processor 3
  Max Mhz: 2000, Current Mhz: 2000, Mhz Limit: 2000
Processor Information for processor 4
  Max Mhz: 2000, Current Mhz: 2000, Mhz Limit: 2000
Processor Information for processor 5
  Max Mhz: 2000, Current Mhz: 2000, Mhz Limit: 2000
Processor Information for processor 6
  Max Mhz: 2000, Current Mhz: 2000, Mhz Limit: 2000
Processor Information for processor 7
  Max Mhz: 2000, Current Mhz: 2000, Mhz Limit: 2000
Processor Information for processor 8
  Max Mhz: 2000, Current Mhz: 1500, Mhz Limit: 1500
Processor Information for processor 9
  Max Mhz: 2000, Current Mhz: 1500, Mhz Limit: 1500
Processor Information for processor 10
  Max Mhz: 2000, Current Mhz: 1500, Mhz Limit: 1500
Processor Information for processor 11
  Max Mhz: 2000, Current Mhz: 1500, Mhz Limit: 1500

Memory: 4k page, system-wide physical 16005M (905M free)
TotalPageFile size 26005M (AvailPageFile size 57M)
current process WorkingSet (physical memory assigned to process): 88M, peak: 88M
current process commit charge ("private bytes"): 367M, peak: 367M

vm_info: OpenJDK 64-Bit Server VM (21.0.9+10-LTS) for windows-amd64 JRE (21.0.9+10-LTS), built on 2025-10-21T00:00:00Z by "admin" with unknown MS VC++:1942

END.
