#
# There is insufficient memory for the Java Runtime Environment to continue.
# Native memory allocation (mmap) failed to map 65536 bytes. Error detail: Failed to commit metaspace.
# Possible reasons:
#   The system is out of physical RAM or swap space
#   This process is running with CompressedOops enabled, and the Java Heap may be blocking the growth of the native heap
# Possible solutions:
#   Reduce memory load on the system
#   Increase physical memory or swap space
#   Check if swap backing store is full
#   Decrease Java heap size (-Xmx/-Xms)
#   Decrease number of Java threads
#   Decrease Java thread stack sizes (-Xss)
#   Set larger code cache with -XX:ReservedCodeCacheSize=
#   JVM is running with Zero Based Compressed Oops mode in which the Java heap is
#     placed in the first 32GB address space. The Java Heap base address is the
#     maximum limit for the native heap growth. Please use -XX:HeapBaseMinAddress
#     to set the Java Heap base and to place the Java Heap above 32GB virtual address.
# This output file may be truncated or incomplete.
#
#  Out of Memory Error (virtualSpaceNode.cpp:113), pid=10480, tid=31072
#
# JRE version: OpenJDK Runtime Environment Temurin-21.0.9+10 (21.0.9+10) (build 21.0.9+10-LTS)
# Java VM: OpenJDK 64-Bit Server VM Temurin-21.0.9+10 (21.0.9+10-LTS, mixed mode, sharing, tiered, compressed oops, compressed class ptrs, g1 gc, windows-amd64)
# No core dump will be written. Minidumps are not enabled by default on client versions of Windows
#

---------------  S U M M A R Y ------------

Command Line: -Dfile.encoding=UTF-8 -Dstdout.encoding=UTF-8 -Dstderr.encoding=UTF-8 -XX:+ShowCodeDetailsInExceptionMessages gui.MainWindow

Host: 12th Gen Intel(R) Core(TM) i5-12450H, 12 cores, 15G,  Windows 11 , 64 bit Build 22621 (10.0.22621.5415)
Time: Wed Nov 26 23:46:45 2025 W. Europe Standard Time elapsed time: 0.184210 seconds (0d 0h 0m 0s)

---------------  T H R E A D  ---------------

Current thread (0x00000253932d6850):  JavaThread "AWT-EventQueue-0"        [_thread_in_vm, id=31072, stack(0x0000009497900000,0x0000009497a00000) (1024K)]

Stack: [0x0000009497900000,0x0000009497a00000]
Native frames: (J=compiled Java code, j=interpreted, Vv=VM code, C=native code)
V  [jvm.dll+0x6d6e29]
V  [jvm.dll+0x8b4b76]
V  [jvm.dll+0x8b712e]
V  [jvm.dll+0x8b7813]
V  [jvm.dll+0x283d86]
V  [jvm.dll+0x8b08be]
V  [jvm.dll+0x678824]
V  [jvm.dll+0x1e80ab]
V  [jvm.dll+0x1e7e6e]
V  [jvm.dll+0x67b122]
V  [jvm.dll+0x67af52]
V  [jvm.dll+0x6791fe]
V  [jvm.dll+0x26f054]
V  [jvm.dll+0x219d5f]
V  [jvm.dll+0x20f44e]
V  [jvm.dll+0x5b5a0f]
V  [jvm.dll+0x2210ce]
V  [jvm.dll+0x82d53d]
V  [jvm.dll+0x82e56b]
V  [jvm.dll+0x82ed50]
V  [jvm.dll+0x21a61b]
V  [jvm.dll+0x20f467]
V  [jvm.dll+0x5b5a0f]
V  [jvm.dll+0x2210ce]
V  [jvm.dll+0x82d53d]
V  [jvm.dll+0x82e56b]
V  [jvm.dll+0x82ed50]
V  [jvm.dll+0x21a61b]
V  [jvm.dll+0x20f467]
V  [jvm.dll+0x5b5a0f]
V  [jvm.dll+0x2210ce]
V  [jvm.dll+0x82d53d]
V  [jvm.dll+0x82e56b]
V  [jvm.dll+0x82ed50]
V  [jvm.dll+0x21a61b]
V  [jvm.dll+0x20f467]
V  [jvm.dll+0x5b5a0f]
V  [jvm.dll+0x2210ce]
V  [jvm.dll+0x82d53d]
V  [jvm.dll+0x82e56b]
V  [jvm.dll+0x82eb34]
V  [jvm.dll+0x82e7c8]
V  [jvm.dll+0x2716ad]
V  [jvm.dll+0x3dc74e]
C  0x000002533e1ea23f

The last pc belongs to new (printed below).
Java frames: (J=compiled Java code, j=interpreted, Vv=VM code)
j  sun.awt.windows.WToolkit.createFrame(Ljava/awt/Frame;)Ljava/awt/peer/FramePeer;+0 java.desktop@21.0.9
j  java.awt.Frame.addNotify()V+20 java.desktop@21.0.9
j  java.awt.Window.show()V+8 java.desktop@21.0.9
j  java.awt.Component.show(Z)V+5 java.desktop@21.0.9
j  java.awt.Component.setVisible(Z)V+2 java.desktop@21.0.9
j  java.awt.Window.setVisible(Z)V+2 java.desktop@21.0.9
j  gui.MainWindow.<init>()V+123
j  gui.MainWindow$$Lambda+0x000002534f003130.run()V+4
j  java.awt.event.InvocationEvent.dispatch()V+47 java.desktop@21.0.9
j  java.awt.EventQueue.dispatchEventImpl(Ljava/awt/AWTEvent;Ljava/lang/Object;)V+21 java.desktop@21.0.9
j  java.awt.EventQueue$4.run()Ljava/lang/Void;+32 java.desktop@21.0.9
j  java.awt.EventQueue$4.run()Ljava/lang/Object;+1 java.desktop@21.0.9
j  java.security.AccessController.executePrivileged(Ljava/security/PrivilegedAction;Ljava/security/AccessControlContext;Ljava/lang/Class;)Ljava/lang/Object;+29 java.base@21.0.9
j  java.security.AccessController.doPrivileged(Ljava/security/PrivilegedAction;Ljava/security/AccessControlContext;)Ljava/lang/Object;+13 java.base@21.0.9
j  java.security.ProtectionDomain$JavaSecurityAccessImpl.doIntersectionPrivilege(Ljava/security/PrivilegedAction;Ljava/security/AccessControlContext;Ljava/security/AccessControlContext;)Ljava/lang/Object;+18 java.base@21.0.9
j  java.awt.EventQueue.dispatchEvent(Ljava/awt/AWTEvent;)V+46 java.desktop@21.0.9
j  java.awt.EventDispatchThread.pumpOneEventForFilters(I)V+81 java.desktop@21.0.9
j  java.awt.EventDispatchThread.pumpEventsForFilter(ILjava/awt/Conditional;Ljava/awt/EventFilter;)V+35 java.desktop@21.0.9
j  java.awt.EventDispatchThread.pumpEventsForHierarchy(ILjava/awt/Conditional;Ljava/awt/Component;)V+11 java.desktop@21.0.9
j  java.awt.EventDispatchThread.pumpEvents(ILjava/awt/Conditional;)V+4 java.desktop@21.0.9
j  java.awt.EventDispatchThread.pumpEvents(Ljava/awt/Conditional;)V+3 java.desktop@21.0.9
j  java.awt.EventDispatchThread.run()V+9 java.desktop@21.0.9
v  ~StubRoutines::call_stub 0x000002533e1d100d
new  187 new  [0x000002533e1ea0c0, 0x000002533e1ea2c8]  520 bytes
[MachCode]
  0x000002533e1ea0c0: 4883 ec08 | c5fa 1104 | 24eb 1f48 | 83ec 10c5 | fb11 0424 | eb14 4883 | ec10 4889 | 0424 48c7 
  0x000002533e1ea0e0: 4424 0800 | 0000 00eb | 0150 410f | b755 010f | cac1 ea10 | 488b 4de8 | 488b 4908 | 488b 4908 
  0x000002533e1ea100: 488b 4108 | 807c 1004 | 070f 85d3 | 0000 0066 | 8b54 d148 | 488b 4928 | 488b 4cd1 | 0851 80b9 
  0x000002533e1ea120: 3101 0000 | 040f 85b6 | 0000 008b | 5108 f6c2 | 010f 85aa | 0000 0049 | 8b87 b801 | 0000 488d 
  0x000002533e1ea140: 1c10 493b | 9fc8 0100 | 000f 8792 | 0000 0049 | 899f b801 | 0000 4883 | ea10 0f84 | 0f00 0000 
  0x000002533e1ea160: 33c9 c1ea | 0348 894c | d008 48ff | ca75 f648 | c700 0100 | 0000 5933 | f689 700c | 49ba 0000 
  0x000002533e1ea180: 004e 5302 | 0000 492b | ca89 4808 | 49ba d84d | 7a03 fa7f | 0000 4180 | 3a00 0f84 | 3c00 0000 
  0x000002533e1ea1a0: 5048 8bc8 | 4883 ec20 | 40f6 c40f | 0f84 1900 | 0000 4883 | ec08 48b8 | 80d5 2303 | fa7f 0000 
  0x000002533e1ea1c0: ffd0 4883 | c408 e90c | 0000 0048 | b880 d523 | 03fa 7f00 | 00ff d048 | 83c4 2058 | e9cb 0000 
  0x000002533e1ea1e0: 0059 488b | 55e8 488b | 5208 488b | 5208 450f | b745 0141 | 0fc8 41c1 | e810 e805 | 0000 00e9 
  0x000002533e1ea200: a800 0000 | 488d 4424 | 084c 896d | c049 8bcf | c5f8 7749 | 89af a803 | 0000 4989 | 8798 0300 
  0x000002533e1ea220: 0048 83ec | 2040 f6c4 | 0f0f 8419 | 0000 0048 | 83ec 0848 | b800 c7ed | 02fa 7f00 | 00ff d048 
  0x000002533e1ea240: 83c4 08e9 | 0c00 0000 | 48b8 00c7 | ed02 fa7f | 0000 ffd0 | 4883 c420 | 49c7 8798 | 0300 0000 
  0x000002533e1ea260: 0000 0049 | c787 a803 | 0000 0000 | 0000 49c7 | 87a0 0300 | 0000 0000 | 00c5 f877 | 4983 7f08 
  0x000002533e1ea280: 000f 8405 | 0000 00e9 | 746c feff | 498b 87f0 | 0300 0049 | c787 f003 | 0000 0000 | 0000 4c8b 
  0x000002533e1ea2a0: 6dc0 4c8b | 75c8 4e8d | 74f5 00c3 | 410f b65d | 0349 83c5 | 0349 ba30 | 157d 03fa | 7f00 0041 
  0x000002533e1ea2c0: ff24 da0f | 1f44 0000 
[/MachCode]

---------------  P R O C E S S  ---------------

Threads class SMR info:
_java_thread_list=0x0000025393348250, length=16, elements={
0x000002534dcb6190, 0x000002534dcb70a0, 0x000002534dcba390, 0x000002534dcbafe0,
0x000002534dcc1470, 0x000002534dcc5ed0, 0x000002534dccada0, 0x000002534dcd45d0,
0x0000025393163db0, 0x0000025393168df0, 0x00000253932e2ff0, 0x00000253932e4610,
0x00000253932e4c70, 0x00000253932d6850, 0x000002533100c1f0, 0x000002539332d7d0
}

Java Threads: ( => current thread )
  0x000002534dcb6190 JavaThread "Reference Handler"          daemon [_thread_blocked, id=21712, stack(0x0000009496c00000,0x0000009496d00000) (1024K)]
  0x000002534dcb70a0 JavaThread "Finalizer"                  daemon [_thread_blocked, id=12872, stack(0x0000009496d00000,0x0000009496e00000) (1024K)]
  0x000002534dcba390 JavaThread "Signal Dispatcher"          daemon [_thread_blocked, id=30796, stack(0x0000009496e00000,0x0000009496f00000) (1024K)]
  0x000002534dcbafe0 JavaThread "Attach Listener"            daemon [_thread_blocked, id=17536, stack(0x0000009496f00000,0x0000009497000000) (1024K)]
  0x000002534dcc1470 JavaThread "Service Thread"             daemon [_thread_blocked, id=15960, stack(0x0000009497000000,0x0000009497100000) (1024K)]
  0x000002534dcc5ed0 JavaThread "Monitor Deflation Thread"   daemon [_thread_blocked, id=9952, stack(0x0000009497100000,0x0000009497200000) (1024K)]
  0x000002534dccada0 JavaThread "C2 CompilerThread0"         daemon [_thread_blocked, id=4320, stack(0x0000009497200000,0x0000009497300000) (1024K)]
  0x000002534dcd45d0 JavaThread "C1 CompilerThread0"         daemon [_thread_blocked, id=13952, stack(0x0000009497300000,0x0000009497400000) (1024K)]
  0x0000025393163db0 JavaThread "Notification Thread"        daemon [_thread_blocked, id=27008, stack(0x0000009497400000,0x0000009497500000) (1024K)]
  0x0000025393168df0 JavaThread "Common-Cleaner"             daemon [_thread_blocked, id=12776, stack(0x0000009497500000,0x0000009497600000) (1024K)]
  0x00000253932e2ff0 JavaThread "Java2D Disposer"            daemon [_thread_blocked, id=27360, stack(0x0000009497600000,0x0000009497700000) (1024K)]
  0x00000253932e4610 JavaThread "AWT-Shutdown"                      [_thread_blocked, id=24436, stack(0x0000009497700000,0x0000009497800000) (1024K)]
  0x00000253932e4c70 JavaThread "AWT-Windows"                daemon [_thread_in_native, id=11012, stack(0x0000009497800000,0x0000009497900000) (1024K)]
=>0x00000253932d6850 JavaThread "AWT-EventQueue-0"                  [_thread_in_vm, id=31072, stack(0x0000009497900000,0x0000009497a00000) (1024K)]
  0x000002533100c1f0 JavaThread "DestroyJavaVM"                     [_thread_blocked, id=25852, stack(0x0000009496400000,0x0000009496500000) (1024K)]
  0x000002539332d7d0 JavaThread "TimerQueue"                 daemon [_thread_blocked, id=12856, stack(0x0000009497a00000,0x0000009497b00000) (1024K)]
Total: 16

Other Threads:
  0x000002534dc997d0 VMThread "VM Thread"                           [id=25596, stack(0x0000009496b00000,0x0000009496c00000) (1024K)]
  0x000002534dc87dd0 WatcherThread "VM Periodic Task Thread"        [id=26792, stack(0x0000009496a00000,0x0000009496b00000) (1024K)]
  0x00000253333614b0 WorkerThread "GC Thread#0"                     [id=7012, stack(0x0000009496500000,0x0000009496600000) (1024K)]
  0x0000025333372050 ConcurrentGCThread "G1 Main Marker"            [id=19320, stack(0x0000009496600000,0x0000009496700000) (1024K)]
  0x00000253333732f0 WorkerThread "G1 Conc#0"                       [id=29908, stack(0x0000009496700000,0x0000009496800000) (1024K)]
  0x000002534db5a1d0 ConcurrentGCThread "G1 Refine#0"               [id=27252, stack(0x0000009496800000,0x0000009496900000) (1024K)]
  0x000002534db5a950 ConcurrentGCThread "G1 Service"                [id=28340, stack(0x0000009496900000,0x0000009496a00000) (1024K)]
Total: 7

Threads with active compile tasks:
Total: 0

VM state: not at safepoint (normal execution)

VM Mutex/Monitor currently owned by a thread:  ([mutex/lock_event])
[0x00007ffa037bb4f0] Metaspace_lock - owner thread: 0x00000253932d6850

Heap address: 0x0000000705e00000, size: 4002 MB, Compressed Oops mode: Zero based, Oop shift amount: 3

CDS archive(s) mapped at: [0x000002534e000000-0x000002534ec80000-0x000002534ec80000), size 13107200, SharedBaseAddress: 0x000002534e000000, ArchiveRelocationMode: 1.
Compressed class space mapped at: 0x000002534f000000-0x000002538f000000, reserved size: 1073741824
Narrow klass base: 0x000002534e000000, Narrow klass shift: 0, Narrow klass range: 0x100000000

GC Precious Log:
 CardTable entry size: 512
 Card Set container configuration: InlinePtr #cards 4 size 8 Array Of Cards #cards 16 size 48 Howl #buckets 8 coarsen threshold 3686 Howl Bitmap #cards 512 size 80 coarsen threshold 460 Card regions per heap region 1 cards per card region 4096
 CPUs: 12 total, 12 available
 Memory: 16005M
 Large Page Support: Disabled
 NUMA Support: Disabled
 Compressed Oops: Enabled (Zero based)
 Heap Region Size: 2M
 Heap Min Capacity: 8M
 Heap Initial Capacity: 252M
 Heap Max Capacity: 4002M
 Pre-touch: Disabled
 Parallel Workers: 10
 Concurrent Workers: 3
 Concurrent Refinement Workers: 10
 Periodic GC: Disabled

Heap:
 garbage-first heap   total 258048K, used 6144K [0x0000000705e00000, 0x0000000800000000)
  region size 2048K, 4 young (8192K), 0 survivors (0K)
 Metaspace       used 4748K, committed 4928K, reserved 1114112K
  class space    used 531K, committed 640K, reserved 1048576K

Heap Regions: E=young(eden), S=young(survivor), O=old, HS=humongous(starts), HC=humongous(continues), CS=collection set, F=free, TAMS=top-at-mark-start, PB=parsable bottom
|   0|0x0000000705e00000, 0x0000000705e00000, 0x0000000706000000|  0%| F|  |TAMS 0x0000000705e00000| PB 0x0000000705e00000| Untracked 
|   1|0x0000000706000000, 0x0000000706000000, 0x0000000706200000|  0%| F|  |TAMS 0x0000000706000000| PB 0x0000000706000000| Untracked 
|   2|0x0000000706200000, 0x0000000706200000, 0x0000000706400000|  0%| F|  |TAMS 0x0000000706200000| PB 0x0000000706200000| Untracked 
|   3|0x0000000706400000, 0x0000000706400000, 0x0000000706600000|  0%| F|  |TAMS 0x0000000706400000| PB 0x0000000706400000| Untracked 
|   4|0x0000000706600000, 0x0000000706600000, 0x0000000706800000|  0%| F|  |TAMS 0x0000000706600000| PB 0x0000000706600000| Untracked 
|   5|0x0000000706800000, 0x0000000706800000, 0x0000000706a00000|  0%| F|  |TAMS 0x0000000706800000| PB 0x0000000706800000| Untracked 
|   6|0x0000000706a00000, 0x0000000706a00000, 0x0000000706c00000|  0%| F|  |TAMS 0x0000000706a00000| PB 0x0000000706a00000| Untracked 
|   7|0x0000000706c00000, 0x0000000706c00000, 0x0000000706e00000|  0%| F|  |TAMS 0x0000000706c00000| PB 0x0000000706c00000| Untracked 
|   8|0x0000000706e00000, 0x0000000706e00000, 0x0000000707000000|  0%| F|  |TAMS 0x0000000706e00000| PB 0x0000000706e00000| Untracked 
|   9|0x0000000707000000, 0x0000000707000000, 0x0000000707200000|  0%| F|  |TAMS 0x0000000707000000| PB 0x0000000707000000| Untracked 
|  10|0x0000000707200000, 0x0000000707200000, 0x0000000707400000|  0%| F|  |TAMS 0x0000000707200000| PB 0x0000000707200000| Untracked 
|  11|0x0000000707400000, 0x0000000707400000, 0x0000000707600000|  0%| F|  |TAMS 0x0000000707400000| PB 0x0000000707400000| Untracked 
|  12|0x0000000707600000, 0x0000000707600000, 0x0000000707800000|  0%| F|  |TAMS 0x0000000707600000| PB 0x0000000707600000| Untracked 
|  13|0x0000000707800000, 0x0000000707800000, 0x0000000707a00000|  0%| F|  |TAMS 0x0000000707800000| PB 0x0000000707800000| Untracked 
|  14|0x0000000707a00000, 0x0000000707a00000, 0x0000000707c00000|  0%| F|  |TAMS 0x0000000707a00000| PB 0x0000000707a00000| Untracked 
|  15|0x0000000707c00000, 0x0000000707c00000, 0x0000000707e00000|  0%| F|  |TAMS 0x0000000707c00000| PB 0x0000000707c00000| Untracked 
|  16|0x0000000707e00000, 0x0000000707e00000, 0x0000000708000000|  0%| F|  |TAMS 0x0000000707e00000| PB 0x0000000707e00000| Untracked 
|  17|0x0000000708000000, 0x0000000708000000, 0x0000000708200000|  0%| F|  |TAMS 0x0000000708000000| PB 0x0000000708000000| Untracked 
|  18|0x0000000708200000, 0x0000000708200000, 0x0000000708400000|  0%| F|  |TAMS 0x0000000708200000| PB 0x0000000708200000| Untracked 
|  19|0x0000000708400000, 0x0000000708400000, 0x0000000708600000|  0%| F|  |TAMS 0x0000000708400000| PB 0x0000000708400000| Untracked 
|  20|0x0000000708600000, 0x0000000708600000, 0x0000000708800000|  0%| F|  |TAMS 0x0000000708600000| PB 0x0000000708600000| Untracked 
|  21|0x0000000708800000, 0x0000000708800000, 0x0000000708a00000|  0%| F|  |TAMS 0x0000000708800000| PB 0x0000000708800000| Untracked 
|  22|0x0000000708a00000, 0x0000000708a00000, 0x0000000708c00000|  0%| F|  |TAMS 0x0000000708a00000| PB 0x0000000708a00000| Untracked 
|  23|0x0000000708c00000, 0x0000000708c00000, 0x0000000708e00000|  0%| F|  |TAMS 0x0000000708c00000| PB 0x0000000708c00000| Untracked 
|  24|0x0000000708e00000, 0x0000000708e00000, 0x0000000709000000|  0%| F|  |TAMS 0x0000000708e00000| PB 0x0000000708e00000| Untracked 
|  25|0x0000000709000000, 0x0000000709000000, 0x0000000709200000|  0%| F|  |TAMS 0x0000000709000000| PB 0x0000000709000000| Untracked 
|  26|0x0000000709200000, 0x0000000709200000, 0x0000000709400000|  0%| F|  |TAMS 0x0000000709200000| PB 0x0000000709200000| Untracked 
|  27|0x0000000709400000, 0x0000000709400000, 0x0000000709600000|  0%| F|  |TAMS 0x0000000709400000| PB 0x0000000709400000| Untracked 
|  28|0x0000000709600000, 0x0000000709600000, 0x0000000709800000|  0%| F|  |TAMS 0x0000000709600000| PB 0x0000000709600000| Untracked 
|  29|0x0000000709800000, 0x0000000709800000, 0x0000000709a00000|  0%| F|  |TAMS 0x0000000709800000| PB 0x0000000709800000| Untracked 
|  30|0x0000000709a00000, 0x0000000709a00000, 0x0000000709c00000|  0%| F|  |TAMS 0x0000000709a00000| PB 0x0000000709a00000| Untracked 
|  31|0x0000000709c00000, 0x0000000709c00000, 0x0000000709e00000|  0%| F|  |TAMS 0x0000000709c00000| PB 0x0000000709c00000| Untracked 
|  32|0x0000000709e00000, 0x0000000709e00000, 0x000000070a000000|  0%| F|  |TAMS 0x0000000709e00000| PB 0x0000000709e00000| Untracked 
|  33|0x000000070a000000, 0x000000070a000000, 0x000000070a200000|  0%| F|  |TAMS 0x000000070a000000| PB 0x000000070a000000| Untracked 
|  34|0x000000070a200000, 0x000000070a200000, 0x000000070a400000|  0%| F|  |TAMS 0x000000070a200000| PB 0x000000070a200000| Untracked 
|  35|0x000000070a400000, 0x000000070a400000, 0x000000070a600000|  0%| F|  |TAMS 0x000000070a400000| PB 0x000000070a400000| Untracked 
|  36|0x000000070a600000, 0x000000070a600000, 0x000000070a800000|  0%| F|  |TAMS 0x000000070a600000| PB 0x000000070a600000| Untracked 
|  37|0x000000070a800000, 0x000000070a800000, 0x000000070aa00000|  0%| F|  |TAMS 0x000000070a800000| PB 0x000000070a800000| Untracked 
|  38|0x000000070aa00000, 0x000000070aa00000, 0x000000070ac00000|  0%| F|  |TAMS 0x000000070aa00000| PB 0x000000070aa00000| Untracked 
|  39|0x000000070ac00000, 0x000000070ac00000, 0x000000070ae00000|  0%| F|  |TAMS 0x000000070ac00000| PB 0x000000070ac00000| Untracked 
|  40|0x000000070ae00000, 0x000000070ae00000, 0x000000070b000000|  0%| F|  |TAMS 0x000000070ae00000| PB 0x000000070ae00000| Untracked 
|  41|0x000000070b000000, 0x000000070b000000, 0x000000070b200000|  0%| F|  |TAMS 0x000000070b000000| PB 0x000000070b000000| Untracked 
|  42|0x000000070b200000, 0x000000070b200000, 0x000000070b400000|  0%| F|  |TAMS 0x000000070b200000| PB 0x000000070b200000| Untracked 
|  43|0x000000070b400000, 0x000000070b400000, 0x000000070b600000|  0%| F|  |TAMS 0x000000070b400000| PB 0x000000070b400000| Untracked 
|  44|0x000000070b600000, 0x000000070b600000, 0x000000070b800000|  0%| F|  |TAMS 0x000000070b600000| PB 0x000000070b600000| Untracked 
|  45|0x000000070b800000, 0x000000070b800000, 0x000000070ba00000|  0%| F|  |TAMS 0x000000070b800000| PB 0x000000070b800000| Untracked 
|  46|0x000000070ba00000, 0x000000070ba00000, 0x000000070bc00000|  0%| F|  |TAMS 0x000000070ba00000| PB 0x000000070ba00000| Untracked 
|  47|0x000000070bc00000, 0x000000070bc00000, 0x000000070be00000|  0%| F|  |TAMS 0x000000070bc00000| PB 0x000000070bc00000| Untracked 
|  48|0x000000070be00000, 0x000000070be00000, 0x000000070c000000|  0%| F|  |TAMS 0x000000070be00000| PB 0x000000070be00000| Untracked 
|  49|0x000000070c000000, 0x000000070c000000, 0x000000070c200000|  0%| F|  |TAMS 0x000000070c000000| PB 0x000000070c000000| Untracked 
|  50|0x000000070c200000, 0x000000070c200000, 0x000000070c400000|  0%| F|  |TAMS 0x000000070c200000| PB 0x000000070c200000| Untracked 
|  51|0x000000070c400000, 0x000000070c400000, 0x000000070c600000|  0%| F|  |TAMS 0x000000070c400000| PB 0x000000070c400000| Untracked 
|  52|0x000000070c600000, 0x000000070c600000, 0x000000070c800000|  0%| F|  |TAMS 0x000000070c600000| PB 0x000000070c600000| Untracked 
|  53|0x000000070c800000, 0x000000070c800000, 0x000000070ca00000|  0%| F|  |TAMS 0x000000070c800000| PB 0x000000070c800000| Untracked 
|  54|0x000000070ca00000, 0x000000070ca00000, 0x000000070cc00000|  0%| F|  |TAMS 0x000000070ca00000| PB 0x000000070ca00000| Untracked 
|  55|0x000000070cc00000, 0x000000070cc00000, 0x000000070ce00000|  0%| F|  |TAMS 0x000000070cc00000| PB 0x000000070cc00000| Untracked 
|  56|0x000000070ce00000, 0x000000070ce00000, 0x000000070d000000|  0%| F|  |TAMS 0x000000070ce00000| PB 0x000000070ce00000| Untracked 
|  57|0x000000070d000000, 0x000000070d000000, 0x000000070d200000|  0%| F|  |TAMS 0x000000070d000000| PB 0x000000070d000000| Untracked 
|  58|0x000000070d200000, 0x000000070d200000, 0x000000070d400000|  0%| F|  |TAMS 0x000000070d200000| PB 0x000000070d200000| Untracked 
|  59|0x000000070d400000, 0x000000070d400000, 0x000000070d600000|  0%| F|  |TAMS 0x000000070d400000| PB 0x000000070d400000| Untracked 
|  60|0x000000070d600000, 0x000000070d600000, 0x000000070d800000|  0%| F|  |TAMS 0x000000070d600000| PB 0x000000070d600000| Untracked 
|  61|0x000000070d800000, 0x000000070d800000, 0x000000070da00000|  0%| F|  |TAMS 0x000000070d800000| PB 0x000000070d800000| Untracked 
|  62|0x000000070da00000, 0x000000070da00000, 0x000000070dc00000|  0%| F|  |TAMS 0x000000070da00000| PB 0x000000070da00000| Untracked 
|  63|0x000000070dc00000, 0x000000070dc00000, 0x000000070de00000|  0%| F|  |TAMS 0x000000070dc00000| PB 0x000000070dc00000| Untracked 
|  64|0x000000070de00000, 0x000000070de00000, 0x000000070e000000|  0%| F|  |TAMS 0x000000070de00000| PB 0x000000070de00000| Untracked 
|  65|0x000000070e000000, 0x000000070e000000, 0x000000070e200000|  0%| F|  |TAMS 0x000000070e000000| PB 0x000000070e000000| Untracked 
|  66|0x000000070e200000, 0x000000070e200000, 0x000000070e400000|  0%| F|  |TAMS 0x000000070e200000| PB 0x000000070e200000| Untracked 
|  67|0x000000070e400000, 0x000000070e400000, 0x000000070e600000|  0%| F|  |TAMS 0x000000070e400000| PB 0x000000070e400000| Untracked 
|  68|0x000000070e600000, 0x000000070e600000, 0x000000070e800000|  0%| F|  |TAMS 0x000000070e600000| PB 0x000000070e600000| Untracked 
|  69|0x000000070e800000, 0x000000070e800000, 0x000000070ea00000|  0%| F|  |TAMS 0x000000070e800000| PB 0x000000070e800000| Untracked 
|  70|0x000000070ea00000, 0x000000070ea00000, 0x000000070ec00000|  0%| F|  |TAMS 0x000000070ea00000| PB 0x000000070ea00000| Untracked 
|  71|0x000000070ec00000, 0x000000070ec00000, 0x000000070ee00000|  0%| F|  |TAMS 0x000000070ec00000| PB 0x000000070ec00000| Untracked 
|  72|0x000000070ee00000, 0x000000070ee00000, 0x000000070f000000|  0%| F|  |TAMS 0x000000070ee00000| PB 0x000000070ee00000| Untracked 
|  73|0x000000070f000000, 0x000000070f000000, 0x000000070f200000|  0%| F|  |TAMS 0x000000070f000000| PB 0x000000070f000000| Untracked 
|  74|0x000000070f200000, 0x000000070f200000, 0x000000070f400000|  0%| F|  |TAMS 0x000000070f200000| PB 0x000000070f200000| Untracked 
|  75|0x000000070f400000, 0x000000070f400000, 0x000000070f600000|  0%| F|  |TAMS 0x000000070f400000| PB 0x000000070f400000| Untracked 
|  76|0x000000070f600000, 0x000000070f600000, 0x000000070f800000|  0%| F|  |TAMS 0x000000070f600000| PB 0x000000070f600000| Untracked 
|  77|0x000000070f800000, 0x000000070f800000, 0x000000070fa00000|  0%| F|  |TAMS 0x000000070f800000| PB 0x000000070f800000| Untracked 
|  78|0x000000070fa00000, 0x000000070fa00000, 0x000000070fc00000|  0%| F|  |TAMS 0x000000070fa00000| PB 0x000000070fa00000| Untracked 
|  79|0x000000070fc00000, 0x000000070fc00000, 0x000000070fe00000|  0%| F|  |TAMS 0x000000070fc00000| PB 0x000000070fc00000| Untracked 
|  80|0x000000070fe00000, 0x000000070fe00000, 0x0000000710000000|  0%| F|  |TAMS 0x000000070fe00000| PB 0x000000070fe00000| Untracked 
|  81|0x0000000710000000, 0x0000000710000000, 0x0000000710200000|  0%| F|  |TAMS 0x0000000710000000| PB 0x0000000710000000| Untracked 
|  82|0x0000000710200000, 0x0000000710200000, 0x0000000710400000|  0%| F|  |TAMS 0x0000000710200000| PB 0x0000000710200000| Untracked 
|  83|0x0000000710400000, 0x0000000710400000, 0x0000000710600000|  0%| F|  |TAMS 0x0000000710400000| PB 0x0000000710400000| Untracked 
|  84|0x0000000710600000, 0x0000000710600000, 0x0000000710800000|  0%| F|  |TAMS 0x0000000710600000| PB 0x0000000710600000| Untracked 
|  85|0x0000000710800000, 0x0000000710800000, 0x0000000710a00000|  0%| F|  |TAMS 0x0000000710800000| PB 0x0000000710800000| Untracked 
|  86|0x0000000710a00000, 0x0000000710a00000, 0x0000000710c00000|  0%| F|  |TAMS 0x0000000710a00000| PB 0x0000000710a00000| Untracked 
|  87|0x0000000710c00000, 0x0000000710c00000, 0x0000000710e00000|  0%| F|  |TAMS 0x0000000710c00000| PB 0x0000000710c00000| Untracked 
|  88|0x0000000710e00000, 0x0000000710e00000, 0x0000000711000000|  0%| F|  |TAMS 0x0000000710e00000| PB 0x0000000710e00000| Untracked 
|  89|0x0000000711000000, 0x0000000711000000, 0x0000000711200000|  0%| F|  |TAMS 0x0000000711000000| PB 0x0000000711000000| Untracked 
|  90|0x0000000711200000, 0x0000000711200000, 0x0000000711400000|  0%| F|  |TAMS 0x0000000711200000| PB 0x0000000711200000| Untracked 
|  91|0x0000000711400000, 0x0000000711400000, 0x0000000711600000|  0%| F|  |TAMS 0x0000000711400000| PB 0x0000000711400000| Untracked 
|  92|0x0000000711600000, 0x0000000711600000, 0x0000000711800000|  0%| F|  |TAMS 0x0000000711600000| PB 0x0000000711600000| Untracked 
|  93|0x0000000711800000, 0x0000000711800000, 0x0000000711a00000|  0%| F|  |TAMS 0x0000000711800000| PB 0x0000000711800000| Untracked 
|  94|0x0000000711a00000, 0x0000000711a00000, 0x0000000711c00000|  0%| F|  |TAMS 0x0000000711a00000| PB 0x0000000711a00000| Untracked 
|  95|0x0000000711c00000, 0x0000000711c00000, 0x0000000711e00000|  0%| F|  |TAMS 0x0000000711c00000| PB 0x0000000711c00000| Untracked 
|  96|0x0000000711e00000, 0x0000000711e00000, 0x0000000712000000|  0%| F|  |TAMS 0x0000000711e00000| PB 0x0000000711e00000| Untracked 
|  97|0x0000000712000000, 0x0000000712000000, 0x0000000712200000|  0%| F|  |TAMS 0x0000000712000000| PB 0x0000000712000000| Untracked 
|  98|0x0000000712200000, 0x0000000712200000, 0x0000000712400000|  0%| F|  |TAMS 0x0000000712200000| PB 0x0000000712200000| Untracked 
|  99|0x0000000712400000, 0x0000000712400000, 0x0000000712600000|  0%| F|  |TAMS 0x0000000712400000| PB 0x0000000712400000| Untracked 
| 100|0x0000000712600000, 0x0000000712600000, 0x0000000712800000|  0%| F|  |TAMS 0x0000000712600000| PB 0x0000000712600000| Untracked 
| 101|0x0000000712800000, 0x0000000712800000, 0x0000000712a00000|  0%| F|  |TAMS 0x0000000712800000| PB 0x0000000712800000| Untracked 
| 102|0x0000000712a00000, 0x0000000712a00000, 0x0000000712c00000|  0%| F|  |TAMS 0x0000000712a00000| PB 0x0000000712a00000| Untracked 
| 103|0x0000000712c00000, 0x0000000712c00000, 0x0000000712e00000|  0%| F|  |TAMS 0x0000000712c00000| PB 0x0000000712c00000| Untracked 
| 104|0x0000000712e00000, 0x0000000712e00000, 0x0000000713000000|  0%| F|  |TAMS 0x0000000712e00000| PB 0x0000000712e00000| Untracked 
| 105|0x0000000713000000, 0x0000000713000000, 0x0000000713200000|  0%| F|  |TAMS 0x0000000713000000| PB 0x0000000713000000| Untracked 
| 106|0x0000000713200000, 0x0000000713200000, 0x0000000713400000|  0%| F|  |TAMS 0x0000000713200000| PB 0x0000000713200000| Untracked 
| 107|0x0000000713400000, 0x0000000713400000, 0x0000000713600000|  0%| F|  |TAMS 0x0000000713400000| PB 0x0000000713400000| Untracked 
| 108|0x0000000713600000, 0x0000000713600000, 0x0000000713800000|  0%| F|  |TAMS 0x0000000713600000| PB 0x0000000713600000| Untracked 
| 109|0x0000000713800000, 0x0000000713800000, 0x0000000713a00000|  0%| F|  |TAMS 0x0000000713800000| PB 0x0000000713800000| Untracked 
| 110|0x0000000713a00000, 0x0000000713a00000, 0x0000000713c00000|  0%| F|  |TAMS 0x0000000713a00000| PB 0x0000000713a00000| Untracked 
| 111|0x0000000713c00000, 0x0000000713c00000, 0x0000000713e00000|  0%| F|  |TAMS 0x0000000713c00000| PB 0x0000000713c00000| Untracked 
| 112|0x0000000713e00000, 0x0000000713e00000, 0x0000000714000000|  0%| F|  |TAMS 0x0000000713e00000| PB 0x0000000713e00000| Untracked 
| 113|0x0000000714000000, 0x0000000714000000, 0x0000000714200000|  0%| F|  |TAMS 0x0000000714000000| PB 0x0000000714000000| Untracked 
| 114|0x0000000714200000, 0x0000000714200000, 0x0000000714400000|  0%| F|  |TAMS 0x0000000714200000| PB 0x0000000714200000| Untracked 
| 115|0x0000000714400000, 0x0000000714400000, 0x0000000714600000|  0%| F|  |TAMS 0x0000000714400000| PB 0x0000000714400000| Untracked 
| 116|0x0000000714600000, 0x0000000714600000, 0x0000000714800000|  0%| F|  |TAMS 0x0000000714600000| PB 0x0000000714600000| Untracked 
| 117|0x0000000714800000, 0x0000000714800000, 0x0000000714a00000|  0%| F|  |TAMS 0x0000000714800000| PB 0x0000000714800000| Untracked 
| 118|0x0000000714a00000, 0x0000000714a00000, 0x0000000714c00000|  0%| F|  |TAMS 0x0000000714a00000| PB 0x0000000714a00000| Untracked 
| 119|0x0000000714c00000, 0x0000000714c00000, 0x0000000714e00000|  0%| F|  |TAMS 0x0000000714c00000| PB 0x0000000714c00000| Untracked 
| 120|0x0000000714e00000, 0x0000000714e00000, 0x0000000715000000|  0%| F|  |TAMS 0x0000000714e00000| PB 0x0000000714e00000| Untracked 
| 121|0x0000000715000000, 0x0000000715000000, 0x0000000715200000|  0%| F|  |TAMS 0x0000000715000000| PB 0x0000000715000000| Untracked 
| 122|0x0000000715200000, 0x0000000715351f48, 0x0000000715400000| 66%| E|  |TAMS 0x0000000715200000| PB 0x0000000715200000| Complete 
| 123|0x0000000715400000, 0x0000000715600000, 0x0000000715600000|100%| E|CS|TAMS 0x0000000715400000| PB 0x0000000715400000| Complete 
| 124|0x0000000715600000, 0x0000000715800000, 0x0000000715800000|100%| E|CS|TAMS 0x0000000715600000| PB 0x0000000715600000| Complete 
| 125|0x0000000715800000, 0x0000000715a00000, 0x0000000715a00000|100%| E|CS|TAMS 0x0000000715800000| PB 0x0000000715800000| Complete 

Card table byte_map: [0x00000253469d0000,0x00000253471b0000] _byte_map_base: 0x00000253431a1000

Marking Bits: (CMBitMap*) 0x0000025333361bb0
 Bits: [0x00000253471b0000, 0x000002534b038000)

Polling page: 0x0000025331150000

Metaspace:

Usage:
  Non-class:      4.12 MB used.
      Class:    531.45 KB used.
       Both:      4.64 MB used.

Virtual space:
  Non-class space:       64.00 MB reserved,       4.19 MB (  7%) committed,  1 nodes.
      Class space:        1.00 GB reserved,     640.00 KB ( <1%) committed,  1 nodes.
             Both:        1.06 GB reserved,       4.81 MB ( <1%) committed. 

Chunk freelists:
   Non-Class:  10.84 MB
       Class:  15.25 MB
        Both:  26.09 MB

MaxMetaspaceSize: unlimited
CompressedClassSpaceSize: 1.00 GB
Initial GC threshold: 21.00 MB
Current GC threshold: 21.00 MB
CDS: on
 - commit_granule_bytes: 65536.
 - commit_granule_words: 8192.
 - virtual_space_node_default_size: 8388608.
 - enlarge_chunks_in_place: 1.
 - use_allocation_guard: 0.


Internal statistics:

num_allocs_failed_limit: 0.
num_arena_births: 118.
num_arena_deaths: 0.
num_vsnodes_births: 2.
num_vsnodes_deaths: 0.
num_space_committed: 77.
num_space_uncommitted: 0.
num_chunks_returned_to_freelist: 0.
num_chunks_taken_from_freelist: 139.
num_chunk_merges: 0.
num_chunk_splits: 92.
num_chunks_enlarged: 47.
num_inconsistent_stats: 0.

CodeHeap 'non-profiled nmethods': size=120000Kb used=163Kb max_used=163Kb free=119836Kb
 bounds [0x000002533e770000, 0x000002533e9e0000, 0x0000025345ca0000]
CodeHeap 'profiled nmethods': size=120000Kb used=718Kb max_used=718Kb free=119281Kb
 bounds [0x0000025336ca0000, 0x0000025336f10000, 0x000002533e1d0000]
CodeHeap 'non-nmethods': size=5760Kb used=1347Kb max_used=1361Kb free=4412Kb
 bounds [0x000002533e1d0000, 0x000002533e440000, 0x000002533e770000]
CodeCache: size=245760Kb, used=2228Kb, max_used=2242Kb, free=243529Kb
 total_blobs=1035, nmethods=523, adapters=417, full_count=0
Compilation: enabled, stopped_count=0, restarted_count=0

Compilation events (20 events):
Event: 0.181 Thread 0x000002534dcd45d0 nmethod 513 0x0000025336d4fb90 code [0x0000025336d4fd40, 0x0000025336d4fed8]
Event: 0.181 Thread 0x000002534dcd45d0  514   !   3       jdk.internal.logger.LazyLoggers$LazyLoggerAccessor::platform (107 bytes)
Event: 0.181 Thread 0x000002534dcd45d0 nmethod 514 0x0000025336d50010 code [0x0000025336d50260, 0x0000025336d50f58]
Event: 0.181 Thread 0x000002534dcd45d0  515       3       jdk.internal.logger.SimpleConsoleLogger::isLoggable (29 bytes)
Event: 0.182 Thread 0x000002534dcd45d0 nmethod 515 0x0000025336d51290 code [0x0000025336d51460, 0x0000025336d517a0]
Event: 0.182 Thread 0x000002534dcd45d0  516       3       jdk.internal.logger.SimpleConsoleLogger::effectiveLevel (17 bytes)
Event: 0.182 Thread 0x000002534dcd45d0 nmethod 516 0x0000025336d51910 code [0x0000025336d51ac0, 0x0000025336d51cf0]
Event: 0.182 Thread 0x000002534dcd45d0  512       1       java.awt.Color::getRGB (5 bytes)
Event: 0.182 Thread 0x000002534dcd45d0 nmethod 512 0x000002533e797a10 code [0x000002533e797ba0, 0x000002533e797c68]
Event: 0.182 Thread 0x000002534dcd45d0  517       1       java.awt.Component::getParent_NoClientCode (5 bytes)
Event: 0.182 Thread 0x000002534dcd45d0 nmethod 517 0x000002533e797d10 code [0x000002533e797ea0, 0x000002533e797f70]
Event: 0.182 Thread 0x000002534dcd45d0  518       3       java.awt.Component::getTreeLock (4 bytes)
Event: 0.182 Thread 0x000002534dcd45d0 nmethod 518 0x0000025336d51d90 code [0x0000025336d51f20, 0x0000025336d52038]
Event: 0.182 Thread 0x000002534dcd45d0  519   !   3       java.awt.Component::firePropertyChange (59 bytes)
Event: 0.182 Thread 0x000002534dcd45d0 nmethod 519 0x0000025336d52110 code [0x0000025336d522e0, 0x0000025336d52820]
Event: 0.182 Thread 0x000002534dcd45d0  520       3       sun.awt.SunToolkit::isInstanceOf (71 bytes)
Event: 0.183 Thread 0x000002534dccada0 nmethod 507% 0x000002533e798890 code [0x000002533e798a20, 0x000002533e798c30]
Event: 0.183 Thread 0x000002534dcd45d0 nmethod 520 0x0000025336d52990 code [0x0000025336d52be0, 0x0000025336d53210]
Event: 0.183 Thread 0x000002534dcd45d0  523       3       java.util.ArrayList$Itr::hasNext (20 bytes)
Event: 0.183 Thread 0x000002534dcd45d0 nmethod 523 0x0000025336d53510 code [0x0000025336d536c0, 0x0000025336d53830]

GC Heap History (0 events):
No events

Dll operation events (7 events):
Event: 0.004 Loaded shared library C:\Users\ASUS\.p2\pool\plugins\org.eclipse.justj.openjdk.hotspot.jre.full.win32.x86_64_21.0.9.v20251105-0741\jre\bin\java.dll
Event: 0.022 Loaded shared library C:\Users\ASUS\.p2\pool\plugins\org.eclipse.justj.openjdk.hotspot.jre.full.win32.x86_64_21.0.9.v20251105-0741\jre\bin\zip.dll
Event: 0.046 Loaded shared library C:\Users\ASUS\.p2\pool\plugins\org.eclipse.justj.openjdk.hotspot.jre.full.win32.x86_64_21.0.9.v20251105-0741\jre\bin\jimage.dll
Event: 0.050 Loaded shared library C:\Users\ASUS\.p2\pool\plugins\org.eclipse.justj.openjdk.hotspot.jre.full.win32.x86_64_21.0.9.v20251105-0741\jre\bin\net.dll
Event: 0.051 Loaded shared library C:\Users\ASUS\.p2\pool\plugins\org.eclipse.justj.openjdk.hotspot.jre.full.win32.x86_64_21.0.9.v20251105-0741\jre\bin\nio.dll
Event: 0.053 Loaded shared library C:\Users\ASUS\.p2\pool\plugins\org.eclipse.justj.openjdk.hotspot.jre.full.win32.x86_64_21.0.9.v20251105-0741\jre\bin\zip.dll
Event: 0.063 Loaded shared library C:\Users\ASUS\.p2\pool\plugins\org.eclipse.justj.openjdk.hotspot.jre.full.win32.x86_64_21.0.9.v20251105-0741\jre\bin\awt.dll

Deoptimization events (0 events):
No events

Classes loaded (20 events):
Event: 0.177 Loading class javax/swing/border/BevelBorder
Event: 0.178 Loading class javax/swing/border/BevelBorder done
Event: 0.178 Loading class javax/swing/border/EtchedBorder
Event: 0.178 Loading class javax/swing/border/EtchedBorder done
Event: 0.178 Loading class javax/swing/border/LineBorder
Event: 0.178 Loading class javax/swing/border/LineBorder done
Event: 0.180 Loading class java/lang/invoke/MethodHandle$1
Event: 0.180 Loading class java/lang/invoke/MethodHandle$1 done
Event: 0.183 Loading class sun/awt/windows/WFramePeer
Event: 0.183 Loading class java/awt/peer/FramePeer
Event: 0.183 Loading class java/awt/peer/WindowPeer
Event: 0.183 Loading class java/awt/peer/ContainerPeer
Event: 0.183 Loading class java/awt/peer/ContainerPeer done
Event: 0.183 Loading class java/awt/peer/WindowPeer done
Event: 0.183 Loading class java/awt/peer/FramePeer done
Event: 0.183 Loading class sun/awt/windows/WWindowPeer
Event: 0.184 Loading class sun/awt/windows/WPanelPeer
Event: 0.184 Loading class java/awt/peer/PanelPeer
Event: 0.184 Loading class java/awt/peer/PanelPeer done
Event: 0.184 Loading class sun/awt/windows/WCanvasPeer

Classes unloaded (0 events):
No events

Classes redefined (0 events):
No events

Internal exceptions (10 events):
Event: 0.056 Thread 0x000002533100c1f0 Exception <a 'java/lang/ClassNotFoundException'{0x0000000715695540}: sun/awt/resources/spi/awtProvider> (0x0000000715695540) 
thrown [s\src\hotspot\share\classfile\systemDictionary.cpp, line 312]
Event: 0.070 Thread 0x000002533100c1f0 Exception <a 'java/io/FileNotFoundException'{0x00000007156f16d8}> (0x00000007156f16d8) 
thrown [s\src\hotspot\share\prims\jni.cpp, line 520]
Event: 0.074 Thread 0x000002533100c1f0 Exception <a 'java/io/FileNotFoundException'{0x000000071571c0b0}> (0x000000071571c0b0) 
thrown [s\src\hotspot\share\prims\jni.cpp, line 520]
Event: 0.135 Thread 0x00000253932d6850 Exception <a 'java/lang/NoSuchMethodError'{0x00000007154a74a0}: 'void java.lang.invoke.DirectMethodHandle$Holder.invokeSpecial(java.lang.Object, java.lang.Object, java.lang.Object)'> (0x00000007154a74a0) 
thrown [s\src\hotspot\share\interpreter\linkResolver.cpp, line 773]
Event: 0.140 Thread 0x00000253932d6850 Exception <a 'java/lang/NoSuchMethodError'{0x00000007154cd7b0}: 'java.lang.Object java.lang.invoke.DirectMethodHandle$Holder.newInvokeSpecial(java.lang.Object, java.lang.Object, java.lang.Object, java.lang.Object, java.lang.Object)'> (0x00000007154cd7b0) 
thrown [s\src\hotspot\share\interpreter\linkResolver.cpp, line 773]
Event: 0.144 Thread 0x00000253932d6850 Exception <a 'java/lang/NoSuchMethodError'{0x000000071556ac10}: 'java.lang.Object java.lang.invoke.DirectMethodHandle$Holder.invokeStatic(java.lang.Object, int, java.lang.Object)'> (0x000000071556ac10) 
thrown [s\src\hotspot\share\interpreter\linkResolver.cpp, line 773]
Event: 0.157 Thread 0x00000253932d6850 Exception <a 'java/lang/ClassNotFoundException'{0x000000071520c2e0}: com/sun/swing/internal/plaf/metal/resources/spi/metalProvider> (0x000000071520c2e0) 
thrown [s\src\hotspot\share\classfile\systemDictionary.cpp, line 312]
Event: 0.157 Thread 0x00000253932d6850 Exception <a 'java/lang/ClassNotFoundException'{0x00000007152102e0}: com/sun/swing/internal/plaf/basic/resources/spi/basicProvider> (0x00000007152102e0) 
thrown [s\src\hotspot\share\classfile\systemDictionary.cpp, line 312]
Event: 0.165 Thread 0x00000253932d6850 Exception <a 'java/lang/NoSuchMethodError'{0x0000000715230200}: 'int java.lang.invoke.Invokers$Holder.invokeExact_MT(java.lang.Object, java.lang.Object)'> (0x0000000715230200) 
thrown [s\src\hotspot\share\interpreter\linkResolver.cpp, line 773]
Event: 0.175 Thread 0x00000253932d6850 Exception <a 'java/lang/NoSuchMethodError'{0x0000000715247ee0}: 'void java.lang.invoke.DirectMethodHandle$Holder.invokeStatic(java.lang.Object, java.lang.Object, java.lang.Object)'> (0x0000000715247ee0) 
thrown [s\src\hotspot\share\interpreter\linkResolver.cpp, line 773]

ZGC Phase Switch (0 events):
No events

VM Operations (4 events):
Event: 0.156 Executing VM operation: HandshakeAllThreads (Deoptimize)
Event: 0.157 Executing VM operation: HandshakeAllThreads (Deoptimize) done
Event: 0.167 Executing VM operation: HandshakeAllThreads (Deoptimize)
Event: 0.167 Executing VM operation: HandshakeAllThreads (Deoptimize) done

Memory protections (0 events):
No events

Nmethod flushes (0 events):
No events

Events (18 events):
Event: 0.015 Thread 0x000002533100c1f0 Thread added: 0x000002533100c1f0
Event: 0.023 Thread 0x000002533100c1f0 Thread added: 0x000002534dcb6190
Event: 0.023 Thread 0x000002533100c1f0 Thread added: 0x000002534dcb70a0
Event: 0.023 Thread 0x000002533100c1f0 Thread added: 0x000002534dcba390
Event: 0.023 Thread 0x000002533100c1f0 Thread added: 0x000002534dcbafe0
Event: 0.023 Thread 0x000002533100c1f0 Thread added: 0x000002534dcc1470
Event: 0.024 Thread 0x000002533100c1f0 Thread added: 0x000002534dcc5ed0
Event: 0.024 Thread 0x000002533100c1f0 Thread added: 0x000002534dccada0
Event: 0.024 Thread 0x000002533100c1f0 Thread added: 0x000002534dcd45d0
Event: 0.032 Thread 0x000002533100c1f0 Thread added: 0x0000025393163db0
Event: 0.034 Thread 0x000002533100c1f0 Thread added: 0x0000025393168df0
Event: 0.102 Thread 0x000002533100c1f0 Thread added: 0x00000253932e2ff0
Event: 0.103 Thread 0x000002533100c1f0 Thread added: 0x00000253932e4610
Event: 0.104 Thread 0x000002533100c1f0 Thread added: 0x00000253932e4c70
Event: 0.114 Thread 0x000002533100c1f0 Thread added: 0x00000253932d6850
Event: 0.114 Thread 0x000002533100c1f0 Thread exited: 0x000002533100c1f0
Event: 0.114 Thread 0x000002533100c1f0 Thread added: 0x000002533100c1f0
Event: 0.171 Thread 0x00000253932d6850 Thread added: 0x000002539332d7d0


Dynamic libraries:
0x00007ff71ee70000 - 0x00007ff71ee7e000 	C:\Users\ASUS\.p2\pool\plugins\org.eclipse.justj.openjdk.hotspot.jre.full.win32.x86_64_21.0.9.v20251105-0741\jre\bin\javaw.exe
0x00007ffa90d30000 - 0x00007ffa90f47000 	C:\WINDOWS\SYSTEM32\ntdll.dll
0x00007ffa8f7a0000 - 0x00007ffa8f864000 	C:\WINDOWS\System32\KERNEL32.DLL
0x00007ffa8e450000 - 0x00007ffa8e822000 	C:\WINDOWS\System32\KERNELBASE.dll
0x00007ffa8dee0000 - 0x00007ffa8dff1000 	C:\WINDOWS\System32\ucrtbase.dll
0x00007ffa80ab0000 - 0x00007ffa80ace000 	C:\Users\ASUS\.p2\pool\plugins\org.eclipse.justj.openjdk.hotspot.jre.full.win32.x86_64_21.0.9.v20251105-0741\jre\bin\VCRUNTIME140.dll
0x00007ffa64830000 - 0x00007ffa64848000 	C:\Users\ASUS\.p2\pool\plugins\org.eclipse.justj.openjdk.hotspot.jre.full.win32.x86_64_21.0.9.v20251105-0741\jre\bin\jli.dll
0x00007ffa90200000 - 0x00007ffa903b1000 	C:\WINDOWS\System32\USER32.dll
0x00007ffa8e830000 - 0x00007ffa8e856000 	C:\WINDOWS\System32\win32u.dll
0x00007ffa78a90000 - 0x00007ffa78d2b000 	C:\WINDOWS\WinSxS\amd64_microsoft.windows.common-controls_6595b64144ccf1df_6.0.22621.5547_none_27104afb73855772\COMCTL32.dll
0x00007ffa907f0000 - 0x00007ffa90819000 	C:\WINDOWS\System32\GDI32.dll
0x00007ffa90500000 - 0x00007ffa905a7000 	C:\WINDOWS\System32\msvcrt.dll
0x00007ffa8e860000 - 0x00007ffa8e983000 	C:\WINDOWS\System32\gdi32full.dll
0x00007ffa8e080000 - 0x00007ffa8e11a000 	C:\WINDOWS\System32\msvcp_win.dll
0x00007ffa901c0000 - 0x00007ffa901f1000 	C:\WINDOWS\System32\IMM32.DLL
0x00007ffa80aa0000 - 0x00007ffa80aac000 	C:\Users\ASUS\.p2\pool\plugins\org.eclipse.justj.openjdk.hotspot.jre.full.win32.x86_64_21.0.9.v20251105-0741\jre\bin\vcruntime140_1.dll
0x00007ffa59820000 - 0x00007ffa598ad000 	C:\Users\ASUS\.p2\pool\plugins\org.eclipse.justj.openjdk.hotspot.jre.full.win32.x86_64_21.0.9.v20251105-0741\jre\bin\msvcp140.dll
0x00007ffa02b00000 - 0x00007ffa038a0000 	C:\Users\ASUS\.p2\pool\plugins\org.eclipse.justj.openjdk.hotspot.jre.full.win32.x86_64_21.0.9.v20251105-0741\jre\bin\server\jvm.dll
0x00007ffa8f1d0000 - 0x00007ffa8f281000 	C:\WINDOWS\System32\ADVAPI32.dll
0x00007ffa8f120000 - 0x00007ffa8f1c8000 	C:\WINDOWS\System32\sechost.dll
0x00007ffa8e990000 - 0x00007ffa8e9b8000 	C:\WINDOWS\System32\bcrypt.dll
0x00007ffa903c0000 - 0x00007ffa904d4000 	C:\WINDOWS\System32\RPCRT4.dll
0x00007ffa90c60000 - 0x00007ffa90cd1000 	C:\WINDOWS\System32\WS2_32.dll
0x00007ffa89450000 - 0x00007ffa89484000 	C:\WINDOWS\SYSTEM32\WINMM.dll
0x00007ffa8cca0000 - 0x00007ffa8cced000 	C:\WINDOWS\SYSTEM32\POWRPROF.dll
0x00007ffa86e10000 - 0x00007ffa86e1a000 	C:\WINDOWS\SYSTEM32\VERSION.dll
0x00007ffa8cc80000 - 0x00007ffa8cc93000 	C:\WINDOWS\SYSTEM32\UMPDC.dll
0x00007ffa8cea0000 - 0x00007ffa8ceb8000 	C:\WINDOWS\SYSTEM32\kernel.appcore.dll
0x00007ffa796c0000 - 0x00007ffa796ca000 	C:\Users\ASUS\.p2\pool\plugins\org.eclipse.justj.openjdk.hotspot.jre.full.win32.x86_64_21.0.9.v20251105-0741\jre\bin\jimage.dll
0x00007ffa8b4b0000 - 0x00007ffa8b6e3000 	C:\WINDOWS\SYSTEM32\DBGHELP.DLL
0x00007ffa8f3a0000 - 0x00007ffa8f733000 	C:\WINDOWS\System32\combase.dll
0x00007ffa90930000 - 0x00007ffa90a07000 	C:\WINDOWS\System32\OLEAUT32.dll
0x00007ffa7b0f0000 - 0x00007ffa7b122000 	C:\WINDOWS\SYSTEM32\dbgcore.DLL
0x00007ffa8e000000 - 0x00007ffa8e07b000 	C:\WINDOWS\System32\bcryptPrimitives.dll
0x00007ffa779c0000 - 0x00007ffa779e0000 	C:\Users\ASUS\.p2\pool\plugins\org.eclipse.justj.openjdk.hotspot.jre.full.win32.x86_64_21.0.9.v20251105-0741\jre\bin\java.dll
0x00007ffa8f910000 - 0x00007ffa901b2000 	C:\WINDOWS\System32\SHELL32.dll
0x00007ffa8e120000 - 0x00007ffa8e25f000 	C:\WINDOWS\System32\wintypes.dll
0x00007ffa8bd20000 - 0x00007ffa8c63d000 	C:\WINDOWS\SYSTEM32\windows.storage.dll
0x00007ffa90820000 - 0x00007ffa9092c000 	C:\WINDOWS\System32\SHCORE.dll
0x00007ffa90780000 - 0x00007ffa907e9000 	C:\WINDOWS\System32\shlwapi.dll
0x00007ffa8dd50000 - 0x00007ffa8dd7b000 	C:\WINDOWS\SYSTEM32\profapi.dll
0x00007ffa6e100000 - 0x00007ffa6e118000 	C:\Users\ASUS\.p2\pool\plugins\org.eclipse.justj.openjdk.hotspot.jre.full.win32.x86_64_21.0.9.v20251105-0741\jre\bin\zip.dll
0x00007ffa796b0000 - 0x00007ffa796c0000 	C:\Users\ASUS\.p2\pool\plugins\org.eclipse.justj.openjdk.hotspot.jre.full.win32.x86_64_21.0.9.v20251105-0741\jre\bin\net.dll
0x00007ffa8a6a0000 - 0x00007ffa8a7cc000 	C:\WINDOWS\SYSTEM32\WINHTTP.dll
0x00007ffa8d3c0000 - 0x00007ffa8d429000 	C:\WINDOWS\system32\mswsock.dll
0x00007ffa66060000 - 0x00007ffa66076000 	C:\Users\ASUS\.p2\pool\plugins\org.eclipse.justj.openjdk.hotspot.jre.full.win32.x86_64_21.0.9.v20251105-0741\jre\bin\nio.dll
0x00007ffa462c0000 - 0x00007ffa4644f000 	C:\Users\ASUS\.p2\pool\plugins\org.eclipse.justj.openjdk.hotspot.jre.full.win32.x86_64_21.0.9.v20251105-0741\jre\bin\awt.dll
0x00007ffa88d90000 - 0x00007ffa88e27000 	C:\WINDOWS\SYSTEM32\apphelp.dll
0x00007ffa8abc0000 - 0x00007ffa8ac74000 	C:\WINDOWS\system32\uxtheme.dll
0x00007ffa8eee0000 - 0x00007ffa8f040000 	C:\WINDOWS\System32\MSCTF.dll
0x00007ffa90a10000 - 0x00007ffa90bb0000 	C:\WINDOWS\System32\ole32.dll
0x00007ffa8ae10000 - 0x00007ffa8ae3e000 	C:\WINDOWS\system32\DWMAPI.DLL
0x00007ffa515c0000 - 0x00007ffa516c0000 	C:\WINDOWS\system32\opengl32.dll
0x00007ffa756a0000 - 0x00007ffa756cd000 	C:\WINDOWS\SYSTEM32\GLU32.dll
0x00007ffa8b190000 - 0x00007ffa8b1c7000 	C:\WINDOWS\SYSTEM32\dxcore.dll

JVMTI agents: none

dbghelp: loaded successfully - version: 4.0.5 - missing functions: none
symbol engine: initialized successfully - sym options: 0x614 - pdb path: .;C:\Users\ASUS\.p2\pool\plugins\org.eclipse.justj.openjdk.hotspot.jre.full.win32.x86_64_21.0.9.v20251105-0741\jre\bin;C:\WINDOWS\SYSTEM32;C:\WINDOWS\WinSxS\amd64_microsoft.windows.common-controls_6595b64144ccf1df_6.0.22621.5547_none_27104afb73855772;C:\Users\ASUS\.p2\pool\plugins\org.eclipse.justj.openjdk.hotspot.jre.full.win32.x86_64_21.0.9.v20251105-0741\jre\bin\server

VM Arguments:
jvm_args: -Dfile.encoding=UTF-8 -Dstdout.encoding=UTF-8 -Dstderr.encoding=UTF-8 -XX:+ShowCodeDetailsInExceptionMessages 
java_command: gui.MainWindow
java_class_path (initial): C:\Users\ASUS\git\Real-Time-Traffic-Simulation-with-Java-WiSe-25-26\SumoTrafficSim\bin;C:\Users\ASUS\git\Real-Time-Traffic-Simulation-with-Java-WiSe-25-26\SumoTrafficSim\lib\TraaS.jar
Launcher Type: SUN_STANDARD

[Global flags]
     intx CICompilerCount                          = 4                                         {product} {ergonomic}
     uint ConcGCThreads                            = 3                                         {product} {ergonomic}
     uint G1ConcRefinementThreads                  = 10                                        {product} {ergonomic}
   size_t G1HeapRegionSize                         = 2097152                                   {product} {ergonomic}
    uintx GCDrainStackTargetSize                   = 64                                        {product} {ergonomic}
   size_t InitialHeapSize                          = 264241152                                 {product} {ergonomic}
   size_t MarkStackSize                            = 4194304                                   {product} {ergonomic}
   size_t MaxHeapSize                              = 4196401152                                {product} {ergonomic}
   size_t MaxNewSize                               = 2516582400                                {product} {ergonomic}
   size_t MinHeapDeltaBytes                        = 2097152                                   {product} {ergonomic}
   size_t MinHeapSize                              = 8388608                                   {product} {ergonomic}
    uintx NonNMethodCodeHeapSize                   = 5839372                                {pd product} {ergonomic}
    uintx NonProfiledCodeHeapSize                  = 122909434                              {pd product} {ergonomic}
    uintx ProfiledCodeHeapSize                     = 122909434                              {pd product} {ergonomic}
    uintx ReservedCodeCacheSize                    = 251658240                              {pd product} {ergonomic}
     bool SegmentedCodeCache                       = true                                      {product} {ergonomic}
     bool ShowCodeDetailsInExceptionMessages       = true                                   {manageable} {command line}
   size_t SoftMaxHeapSize                          = 4196401152                             {manageable} {ergonomic}
     bool UseCompressedOops                        = true                           {product lp64_product} {ergonomic}
     bool UseG1GC                                  = true                                      {product} {ergonomic}
     bool UseLargePagesIndividualAllocation        = false                                  {pd product} {ergonomic}

Logging:
Log output configuration:
 #0: stdout all=warning uptime,level,tags foldmultilines=false
 #1: stderr all=off uptime,level,tags foldmultilines=false

Release file:
JAVA_VERSION="21.0.9" 
MODULES="java.base java.compiler java.datatransfer java.xml java.prefs java.desktop java.instrument java.logging java.management java.security.sasl java.naming java.rmi java.management.rmi java.net.http java.scripting java.security.jgss java.transaction.xa java.sql java.sql.rowset java.xml.crypto java.se java.smartcardio jdk.accessibility jdk.internal.jvmstat jdk.attach jdk.charsets jdk.internal.opt jdk.zipfs jdk.compiler jdk.crypto.ec jdk.crypto.cryptoki jdk.crypto.mscapi jdk.dynalink jdk.internal.ed jdk.editpad jdk.hotspot.agent jdk.httpserver jdk.internal.le jdk.internal.vm.ci jdk.internal.vm.compiler jdk.internal.vm.compiler.management jdk.jartool jdk.javadoc jdk.jcmd jdk.management jdk.management.agent jdk.jconsole jdk.jdeps jdk.jdwp.agent jdk.jdi jdk.jfr jdk.jshell jdk.jsobject jdk.jstatd jdk.localedata jdk.management.jfr jdk.naming.dns jdk.naming.rmi jdk.net jdk.nio.mapmode jdk.random jdk.sctp jdk.security.auth jdk.security.jgss jdk.unsupported jdk.unsupported.desktop jdk.xml.dom" 

Environment Variables:
PATH=C:/Users/ASUS/.p2/pool/plugins/org.eclipse.justj.openjdk.hotspot.jre.full.win32.x86_64_21.0.9.v20251105-0741/jre/bin/server;C:/Users/ASUS/.p2/pool/plugins/org.eclipse.justj.openjdk.hotspot.jre.full.win32.x86_64_21.0.9.v20251105-0741/jre/bin;C:\Program Files\Eclipse Adoptium\jdk-25.0.0.36-hotspot\bin;C:\Windows\system32;C:\Windows;C:\Windows\System32\Wbem;C:\Windows\System32\WindowsPowerShell\v1.0\;C:\Windows\System32\OpenSSH\;C:\Program Files (x86)\NVIDIA Corporation\PhysX\Common;C:\Program Files\NVIDIA Corporation\NVIDIA NvDLISR;C:\WINDOWS\system32;C:\WINDOWS;C:\WINDOWS\System32\Wbem;C:\WINDOWS\System32\WindowsPowerShell\v1.0\;C:\WINDOWS\System32\OpenSSH\;C:\Program Files\Common Files\Autodesk Shared\;C:\Program Files\Microsoft SQL Server\120\Tools\Binn\;C:\Program Files\dotnet\;C:\Program Files\Cloudflare\Cloudflare WARP\;C:\Program Files (x86)\Eclipse\Sumo\bin\;C:\Program Files (x86)\Eclipse\Sumo\tools\;C:\Users\ASUS\Documents\Maven\apache-maven-3.9.11\bin;C:\Users\ASUS\AppData\Local\Microsoft\WindowsApps;C:\Users\ASUS\AppData\Local\Programs\Microsoft VS Code\bin;C:\Program Files\Git\bin;C:\msys64\ucrt64\bin;;C:\WINDOWS\System32;
USERNAME=ASUS
OS=Windows_NT
PROCESSOR_IDENTIFIER=Intel64 Family 6 Model 154 Stepping 3, GenuineIntel
TMP=C:\Users\ASUS\AppData\Local\Temp
TEMP=C:\Users\ASUS\AppData\Local\Temp




Periodic native trim disabled

---------------  S Y S T E M  ---------------

OS:
 Windows 11 , 64 bit Build 22621 (10.0.22621.5415)
OS uptime: 19 days 11:19 hours
Hyper-V role detected

CPU: total 12 (initial active 12) (6 cores per cpu, 2 threads per core) family 6 model 154 stepping 3 microcode 0x41c, cx8, cmov, fxsr, ht, mmx, 3dnowpref, sse, sse2, sse3, ssse3, sse4.1, sse4.2, popcnt, lzcnt, tsc, tscinvbit, avx, avx2, aes, erms, clmul, bmi1, bmi2, adx, sha, fma, vzeroupper, clflush, clflushopt, clwb, hv, serialize, rdtscp, rdpid, fsrm, f16c, cet_ibt, cet_ss
Processor Information for processor 0
  Max Mhz: 2000, Current Mhz: 2000, Mhz Limit: 2000
Processor Information for processor 1
  Max Mhz: 2000, Current Mhz: 1520, Mhz Limit: 2000
Processor Information for processor 2
  Max Mhz: 2000, Current Mhz: 2000, Mhz Limit: 2000
Processor Information for processor 3
  Max Mhz: 2000, Current Mhz: 2000, Mhz Limit: 2000
Processor Information for processor 4
  Max Mhz: 2000, Current Mhz: 2000, Mhz Limit: 2000
Processor Information for processor 5
  Max Mhz: 2000, Current Mhz: 2000, Mhz Limit: 2000
Processor Information for processor 6
  Max Mhz: 2000, Current Mhz: 2000, Mhz Limit: 2000
Processor Information for processor 7
  Max Mhz: 2000, Current Mhz: 2000, Mhz Limit: 2000
Processor Information for processor 8
  Max Mhz: 2000, Current Mhz: 1500, Mhz Limit: 1500
Processor Information for processor 9
  Max Mhz: 2000, Current Mhz: 1500, Mhz Limit: 1500
Processor Information for processor 10
  Max Mhz: 2000, Current Mhz: 1500, Mhz Limit: 1500
Processor Information for processor 11
  Max Mhz: 2000, Current Mhz: 1500, Mhz Limit: 1500

Memory: 4k page, system-wide physical 16005M (914M free)
TotalPageFile size 26005M (AvailPageFile size 2M)
current process WorkingSet (physical memory assigned to process): 52M, peak: 52M
current process commit charge ("private bytes"): 346M, peak: 347M

vm_info: OpenJDK 64-Bit Server VM (21.0.9+10-LTS) for windows-amd64 JRE (21.0.9+10-LTS), built on 2025-10-21T00:00:00Z by "admin" with unknown MS VC++:1942

END.
